Analysis & Synthesis report for zuo
Mon Dec 09 16:27:24 2019
Quartus II 64-Bit Version 13.0.1 Build 232 06/12/2013 Service Pack 1 SJ Full Version


---------------------
; Table of Contents ;
---------------------
  1. Legal Notice
  2. Analysis & Synthesis Summary
  3. Analysis & Synthesis Settings
  4. Parallel Compilation
  5. Analysis & Synthesis Messages
  6. Analysis & Synthesis Suppressed Messages



----------------
; Legal Notice ;
----------------
Copyright (C) 1991-2013 Altera Corporation
Your use of Altera Corporation's design tools, logic functions 
and other software and tools, and its AMPP partner logic 
functions, and any output files from any of the foregoing 
(including device programming or simulation files), and any 
associated documentation or information are expressly subject 
to the terms and conditions of the Altera Program License 
Subscription Agreement, Altera MegaCore Function License 
Agreement, or other applicable license agreement, including, 
without limitation, that your use is for the sole purpose of 
programming logic devices manufactured by Altera and sold by 
Altera or its authorized distributors.  Please refer to the 
applicable agreement for further details.



+---------------------------------------------------------------------------------------+
; Analysis & Synthesis Summary                                                          ;
+------------------------------------+--------------------------------------------------+
; Analysis & Synthesis Status        ; Failed - Mon Dec 09 16:27:24 2019                ;
; Quartus II 64-Bit Version          ; 13.0.1 Build 232 06/12/2013 SP 1 SJ Full Version ;
; Revision Name                      ; zuo                                              ;
; Top-level Entity Name              ; zuo                                              ;
; Family                             ; Cyclone IV GX                                    ;
; Total logic elements               ; N/A until Partition Merge                        ;
;     Total combinational functions  ; N/A until Partition Merge                        ;
;     Dedicated logic registers      ; N/A until Partition Merge                        ;
; Total registers                    ; N/A until Partition Merge                        ;
; Total pins                         ; N/A until Partition Merge                        ;
; Total virtual pins                 ; N/A until Partition Merge                        ;
; Total memory bits                  ; N/A until Partition Merge                        ;
; Embedded Multiplier 9-bit elements ; N/A until Partition Merge                        ;
; Total GXB Receiver Channel PCS     ; N/A until Partition Merge                        ;
; Total GXB Receiver Channel PMA     ; N/A until Partition Merge                        ;
; Total GXB Transmitter Channel PCS  ; N/A until Partition Merge                        ;
; Total GXB Transmitter Channel PMA  ; N/A until Partition Merge                        ;
; Total PLLs                         ; N/A until Partition Merge                        ;
+------------------------------------+--------------------------------------------------+


+----------------------------------------------------------------------------------------------------------------------+
; Analysis & Synthesis Settings                                                                                        ;
+----------------------------------------------------------------------------+--------------------+--------------------+
; Option                                                                     ; Setting            ; Default Value      ;
+----------------------------------------------------------------------------+--------------------+--------------------+
; Top-level entity name                                                      ; zuo                ; zuo                ;
; Family name                                                                ; Cyclone IV GX      ; Cyclone IV GX      ;
; Use smart compilation                                                      ; Off                ; Off                ;
; Enable parallel Assembler and TimeQuest Timing Analyzer during compilation ; On                 ; On                 ;
; Enable compact report table                                                ; Off                ; Off                ;
; Restructure Multiplexers                                                   ; Auto               ; Auto               ;
; Create Debugging Nodes for IP Cores                                        ; Off                ; Off                ;
; Preserve fewer node names                                                  ; On                 ; On                 ;
; Disable OpenCore Plus hardware evaluation                                  ; Off                ; Off                ;
; Verilog Version                                                            ; Verilog_2001       ; Verilog_2001       ;
; VHDL Version                                                               ; VHDL_1993          ; VHDL_1993          ;
; State Machine Processing                                                   ; Auto               ; Auto               ;
; Safe State Machine                                                         ; Off                ; Off                ;
; Extract Verilog State Machines                                             ; On                 ; On                 ;
; Extract VHDL State Machines                                                ; On                 ; On                 ;
; Ignore Verilog initial constructs                                          ; Off                ; Off                ;
; Iteration limit for constant Verilog loops                                 ; 5000               ; 5000               ;
; Iteration limit for non-constant Verilog loops                             ; 250                ; 250                ;
; Add Pass-Through Logic to Inferred RAMs                                    ; On                 ; On                 ;
; Infer RAMs from Raw Logic                                                  ; On                 ; On                 ;
; Parallel Synthesis                                                         ; On                 ; On                 ;
; DSP Block Balancing                                                        ; Auto               ; Auto               ;
; NOT Gate Push-Back                                                         ; On                 ; On                 ;
; Power-Up Don't Care                                                        ; On                 ; On                 ;
; Remove Redundant Logic Cells                                               ; Off                ; Off                ;
; Remove Duplicate Registers                                                 ; On                 ; On                 ;
; Ignore CARRY Buffers                                                       ; Off                ; Off                ;
; Ignore CASCADE Buffers                                                     ; Off                ; Off                ;
; Ignore GLOBAL Buffers                                                      ; Off                ; Off                ;
; Ignore ROW GLOBAL Buffers                                                  ; Off                ; Off                ;
; Ignore LCELL Buffers                                                       ; Off                ; Off                ;
; Ignore SOFT Buffers                                                        ; On                 ; On                 ;
; Limit AHDL Integers to 32 Bits                                             ; Off                ; Off                ;
; Optimization Technique                                                     ; Balanced           ; Balanced           ;
; Carry Chain Length                                                         ; 70                 ; 70                 ;
; Auto Carry Chains                                                          ; On                 ; On                 ;
; Auto Open-Drain Pins                                                       ; On                 ; On                 ;
; Perform WYSIWYG Primitive Resynthesis                                      ; Off                ; Off                ;
; Auto ROM Replacement                                                       ; On                 ; On                 ;
; Auto RAM Replacement                                                       ; On                 ; On                 ;
; Auto DSP Block Replacement                                                 ; On                 ; On                 ;
; Auto Shift Register Replacement                                            ; Auto               ; Auto               ;
; Allow Shift Register Merging across Hierarchies                            ; Auto               ; Auto               ;
; Auto Clock Enable Replacement                                              ; On                 ; On                 ;
; Strict RAM Replacement                                                     ; Off                ; Off                ;
; Allow Synchronous Control Signals                                          ; On                 ; On                 ;
; Force Use of Synchronous Clear Signals                                     ; Off                ; Off                ;
; Auto RAM Block Balancing                                                   ; On                 ; On                 ;
; Auto RAM to Logic Cell Conversion                                          ; Off                ; Off                ;
; Auto Resource Sharing                                                      ; Off                ; Off                ;
; Allow Any RAM Size For Recognition                                         ; Off                ; Off                ;
; Allow Any ROM Size For Recognition                                         ; Off                ; Off                ;
; Allow Any Shift Register Size For Recognition                              ; Off                ; Off                ;
; Use LogicLock Constraints during Resource Balancing                        ; On                 ; On                 ;
; Ignore translate_off and synthesis_off directives                          ; Off                ; Off                ;
; Timing-Driven Synthesis                                                    ; On                 ; On                 ;
; Report Parameter Settings                                                  ; On                 ; On                 ;
; Report Source Assignments                                                  ; On                 ; On                 ;
; Report Connectivity Checks                                                 ; On                 ; On                 ;
; Ignore Maximum Fan-Out Assignments                                         ; Off                ; Off                ;
; Synchronization Register Chain Length                                      ; 2                  ; 2                  ;
; PowerPlay Power Optimization                                               ; Normal compilation ; Normal compilation ;
; HDL message level                                                          ; Level2             ; Level2             ;
; Suppress Register Optimization Related Messages                            ; Off                ; Off                ;
; Number of Removed Registers Reported in Synthesis Report                   ; 5000               ; 5000               ;
; Number of Swept Nodes Reported in Synthesis Report                         ; 5000               ; 5000               ;
; Number of Inverted Registers Reported in Synthesis Report                  ; 100                ; 100                ;
; Clock MUX Protection                                                       ; On                 ; On                 ;
; Auto Gated Clock Conversion                                                ; Off                ; Off                ;
; Block Design Naming                                                        ; Auto               ; Auto               ;
; SDC constraint protection                                                  ; Off                ; Off                ;
; Synthesis Effort                                                           ; Auto               ; Auto               ;
; Shift Register Replacement - Allow Asynchronous Clear Signal               ; On                 ; On                 ;
; Pre-Mapping Resynthesis Optimization                                       ; Off                ; Off                ;
; Analysis & Synthesis Message Level                                         ; Medium             ; Medium             ;
; Disable Register Merging Across Hierarchies                                ; Auto               ; Auto               ;
; Resource Aware Inference For Block RAM                                     ; On                 ; On                 ;
; Synthesis Seed                                                             ; 1                  ; 1                  ;
+----------------------------------------------------------------------------+--------------------+--------------------+


+------------------------------------------+
; Parallel Compilation                     ;
+----------------------------+-------------+
; Processors                 ; Number      ;
+----------------------------+-------------+
; Number detected on machine ; 4           ;
; Maximum allowed            ; 4           ;
;                            ;             ;
; Average used               ; 1.00        ;
; Maximum used               ; 1           ;
;                            ;             ;
; Usage by Processor         ; % Time Used ;
;     Processor 1            ; 100.0%      ;
;     Processors 2-4         ;   0.0%      ;
+----------------------------+-------------+


+-------------------------------+
; Analysis & Synthesis Messages ;
+-------------------------------+
Info: *******************************************************************
Info: Running Quartus II 64-Bit Analysis & Synthesis
    Info: Version 13.0.1 Build 232 06/12/2013 Service Pack 1 SJ Full Version
    Info: Processing started: Mon Dec 09 16:27:23 2019
Info: Command: quartus_map --read_settings_files=on --write_settings_files=off zuo -c zuo
Info (20030): Parallel compilation is enabled and will use 4 of the 4 processors detected
Warning (10259): Verilog HDL error at zuo.v(45): constant value overflow
Info (12021): Found 1 design units, including 1 entities, in source file zuo.v
    Info (12023): Found entity 1: zuo
Info (12127): Elaborating entity "zuo" for the top level hierarchy
Warning (10235): Verilog HDL Always Construct warning at zuo.v(12): variable "state" is read inside the Always Construct but isn't in the Always Construct's Event Control
Warning (10235): Verilog HDL Always Construct warning at zuo.v(14): variable "state" is read inside the Always Construct but isn't in the Always Construct's Event Control
Warning (10235): Verilog HDL Always Construct warning at zuo.v(18): variable "state" is read inside the Always Construct but isn't in the Always Construct's Event Control
Warning (10235): Verilog HDL Always Construct warning at zuo.v(21): variable "state" is read inside the Always Construct but isn't in the Always Construct's Event Control
Warning (10240): Verilog HDL Always Construct warning at zuo.v(10): inferring latch(es) for variable "state", which holds its previous value in one or more paths through the always construct
Warning (10240): Verilog HDL Always Construct warning at zuo.v(10): inferring latch(es) for variable "score", which holds its previous value in one or more paths through the always construct
Warning (10235): Verilog HDL Always Construct warning at zuo.v(29): variable "Q" is read inside the Always Construct but isn't in the Always Construct's Event Control
Warning (10270): Verilog HDL Case Statement warning at zuo.v(26): incomplete case statement has no default case item
Info (10264): Verilog HDL Case Statement information at zuo.v(26): all case item expressions in this case statement are onehot
Warning (10240): Verilog HDL Always Construct warning at zuo.v(24): inferring latch(es) for variable "score", which holds its previous value in one or more paths through the always construct
Warning (10240): Verilog HDL Always Construct warning at zuo.v(24): inferring latch(es) for variable "state", which holds its previous value in one or more paths through the always construct
Warning (10240): Verilog HDL Always Construct warning at zuo.v(24): inferring latch(es) for variable "Q", which holds its previous value in one or more paths through the always construct
Info (10264): Verilog HDL Case Statement information at zuo.v(53): all case item expressions in this case statement are onehot
Info (10041): Inferred latch for "Q[0]" at zuo.v(24)
Info (10041): Inferred latch for "Q[1]" at zuo.v(24)
Info (10041): Inferred latch for "Q[2]" at zuo.v(24)
Info (10041): Inferred latch for "Q[3]" at zuo.v(24)
Info (10041): Inferred latch for "Q[4]" at zuo.v(24)
Info (10041): Inferred latch for "Q[5]" at zuo.v(24)
Info (10041): Inferred latch for "Q[6]" at zuo.v(24)
Info (10041): Inferred latch for "Q[7]" at zuo.v(24)
Info (10041): Inferred latch for "Q[8]" at zuo.v(24)
Info (10041): Inferred latch for "Q[9]" at zuo.v(24)
Info (10041): Inferred latch for "Q[10]" at zuo.v(24)
Info (10041): Inferred latch for "Q[11]" at zuo.v(24)
Info (10041): Inferred latch for "Q[12]" at zuo.v(24)
Info (10041): Inferred latch for "Q[13]" at zuo.v(24)
Info (10041): Inferred latch for "Q[14]" at zuo.v(24)
Info (10041): Inferred latch for "Q[15]" at zuo.v(24)
Info (10041): Inferred latch for "state.judge" at zuo.v(24)
Info (10041): Inferred latch for "state.move" at zuo.v(24)
Info (10041): Inferred latch for "state.pause" at zuo.v(24)
Info (10041): Inferred latch for "state.taking" at zuo.v(24)
Info (10041): Inferred latch for "score" at zuo.v(24)
Info (10041): Inferred latch for "state.judge" at zuo.v(10)
Info (10041): Inferred latch for "state.move" at zuo.v(10)
Info (10041): Inferred latch for "state.pause" at zuo.v(10)
Info (10041): Inferred latch for "state.taking" at zuo.v(10)
Info (10041): Inferred latch for "score" at zuo.v(14)
Error (10028): Can't resolve multiple constant drivers for net "score" at zuo.v(24) File: D:/18072009_18072014/12/zuo/zuo.v Line: 24
Error (10029): Constant driver at zuo.v(14) File: D:/18072009_18072014/12/zuo/zuo.v Line: 14
Error (10028): Can't resolve multiple constant drivers for net "Q[15]" at zuo.v(49) File: D:/18072009_18072014/12/zuo/zuo.v Line: 49
Error (10029): Constant driver at zuo.v(24) File: D:/18072009_18072014/12/zuo/zuo.v Line: 24
Error (10028): Can't resolve multiple constant drivers for net "Q[14]" at zuo.v(49) File: D:/18072009_18072014/12/zuo/zuo.v Line: 49
Error (10028): Can't resolve multiple constant drivers for net "Q[13]" at zuo.v(49) File: D:/18072009_18072014/12/zuo/zuo.v Line: 49
Error (10028): Can't resolve multiple constant drivers for net "Q[12]" at zuo.v(49) File: D:/18072009_18072014/12/zuo/zuo.v Line: 49
Error (10028): Can't resolve multiple constant drivers for net "Q[11]" at zuo.v(49) File: D:/18072009_18072014/12/zuo/zuo.v Line: 49
Error (10028): Can't resolve multiple constant drivers for net "Q[10]" at zuo.v(49) File: D:/18072009_18072014/12/zuo/zuo.v Line: 49
Error (10028): Can't resolve multiple constant drivers for net "Q[9]" at zuo.v(49) File: D:/18072009_18072014/12/zuo/zuo.v Line: 49
Error (10028): Can't resolve multiple constant drivers for net "Q[8]" at zuo.v(49) File: D:/18072009_18072014/12/zuo/zuo.v Line: 49
Error (10028): Can't resolve multiple constant drivers for net "Q[7]" at zuo.v(49) File: D:/18072009_18072014/12/zuo/zuo.v Line: 49
Error (10028): Can't resolve multiple constant drivers for net "Q[6]" at zuo.v(49) File: D:/18072009_18072014/12/zuo/zuo.v Line: 49
Error (10028): Can't resolve multiple constant drivers for net "Q[5]" at zuo.v(49) File: D:/18072009_18072014/12/zuo/zuo.v Line: 49
Error (10028): Can't resolve multiple constant drivers for net "Q[4]" at zuo.v(49) File: D:/18072009_18072014/12/zuo/zuo.v Line: 49
Error (10028): Can't resolve multiple constant drivers for net "Q[3]" at zuo.v(49) File: D:/18072009_18072014/12/zuo/zuo.v Line: 49
Error (10028): Can't resolve multiple constant drivers for net "Q[2]" at zuo.v(49) File: D:/18072009_18072014/12/zuo/zuo.v Line: 49
Error (10028): Can't resolve multiple constant drivers for net "Q[1]" at zuo.v(49) File: D:/18072009_18072014/12/zuo/zuo.v Line: 49
Error (10028): Can't resolve multiple constant drivers for net "Q[0]" at zuo.v(49) File: D:/18072009_18072014/12/zuo/zuo.v Line: 49
Error (12153): Can't elaborate top-level user hierarchy
Info (144001): Generated suppressed messages file D:/18072009_18072014/12/zuo/output_files/zuo.map.smsg
Error: Quartus II 64-Bit Analysis & Synthesis was unsuccessful. 20 errors, 12 warnings
    Error: Peak virtual memory: 468 megabytes
    Error: Processing ended: Mon Dec 09 16:27:24 2019
    Error: Elapsed time: 00:00:01
    Error: Total CPU time (on all processors): 00:00:00


+------------------------------------------+
; Analysis & Synthesis Suppressed Messages ;
+------------------------------------------+
The suppressed messages can be found in D:/18072009_18072014/12/zuo/output_files/zuo.map.smsg.


