Simulator report for e11
Thu Dec 05 21:34:41 2019
Quartus II 64-Bit Version 13.0.1 Build 232 06/12/2013 Service Pack 1 SJ Full Version


---------------------
; Table of Contents ;
---------------------
  1. Legal Notice
  2. Simulator Summary
  3. Simulator Settings
  4. Simulation Waveforms
  5. Coverage Summary
  6. Complete 1/0-Value Coverage
  7. Missing 1-Value Coverage
  8. Missing 0-Value Coverage
  9. Simulator INI Usage
 10. Simulator Messages



----------------
; Legal Notice ;
----------------
Copyright (C) 1991-2013 Altera Corporation
Your use of Altera Corporation's design tools, logic functions 
and other software and tools, and its AMPP partner logic 
functions, and any output files from any of the foregoing 
(including device programming or simulation files), and any 
associated documentation or information are expressly subject 
to the terms and conditions of the Altera Program License 
Subscription Agreement, Altera MegaCore Function License 
Agreement, or other applicable license agreement, including, 
without limitation, that your use is for the sole purpose of 
programming logic devices manufactured by Altera and sold by 
Altera or its authorized distributors.  Please refer to the 
applicable agreement for further details.



+--------------------------------------------+
; Simulator Summary                          ;
+-----------------------------+--------------+
; Type                        ; Value        ;
+-----------------------------+--------------+
; Simulation Start Time       ; 0 ps         ;
; Simulation End Time         ; 1.0 us       ;
; Simulation Netlist Size     ; 266 nodes    ;
; Simulation Coverage         ;      65.28 % ;
; Total Number of Transitions ; 698          ;
; Simulation Breakpoints      ; 0            ;
; Family                      ; Cyclone III  ;
+-----------------------------+--------------+


+----------------------------------------------------------------------------------------------------------------------------------------------+
; Simulator Settings                                                                                                                           ;
+--------------------------------------------------------------------------------------------+---------------------------------+---------------+
; Option                                                                                     ; Setting                         ; Default Value ;
+--------------------------------------------------------------------------------------------+---------------------------------+---------------+
; Simulation mode                                                                            ; Functional                      ; Timing        ;
; Start time                                                                                 ; 0 ns                            ; 0 ns          ;
; Simulation results format                                                                  ; VWF                             ;               ;
; Vector input source                                                                        ; D:/quartus II/e11/Waveform3.vwf ;               ;
; Add pins automatically to simulation output waveforms                                      ; On                              ; On            ;
; Check outputs                                                                              ; Off                             ; Off           ;
; Report simulation coverage                                                                 ; On                              ; On            ;
; Display complete 1/0 value coverage report                                                 ; On                              ; On            ;
; Display missing 1-value coverage report                                                    ; On                              ; On            ;
; Display missing 0-value coverage report                                                    ; On                              ; On            ;
; Detect setup and hold time violations                                                      ; Off                             ; Off           ;
; Detect glitches                                                                            ; Off                             ; Off           ;
; Disable timing delays in Timing Simulation                                                 ; Off                             ; Off           ;
; Generate Signal Activity File                                                              ; Off                             ; Off           ;
; Generate VCD File for PowerPlay Power Analyzer                                             ; Off                             ; Off           ;
; Group bus channels in simulation results                                                   ; Off                             ; Off           ;
; Preserve fewer signal transitions to reduce memory requirements                            ; On                              ; On            ;
; Trigger vector comparison with the specified mode                                          ; INPUT_EDGE                      ; INPUT_EDGE    ;
; Disable setup and hold time violations detection in input registers of bi-directional pins ; Off                             ; Off           ;
; Overwrite Waveform Inputs With Simulation Outputs                                          ; Off                             ;               ;
; Perform Glitch Filtering in Timing Simulation                                              ; Auto                            ; Auto          ;
; Interconnect Delay Model Type                                                              ; Transport                       ; Transport     ;
; Cell Delay Model Type                                                                      ; Transport                       ; Transport     ;
+--------------------------------------------------------------------------------------------+---------------------------------+---------------+


+----------------------+
; Simulation Waveforms ;
+----------------------+
Waveform report data cannot be output to ASCII.
Please use Quartus II 64-Bit to view the waveform report data.


+--------------------------------------------------------------------+
; Coverage Summary                                                   ;
+-----------------------------------------------------+--------------+
; Type                                                ; Value        ;
+-----------------------------------------------------+--------------+
; Total coverage as a percentage                      ;      65.28 % ;
; Total nodes checked                                 ; 266          ;
; Total output ports checked                          ; 265          ;
; Total output ports with complete 1/0-value coverage ; 173          ;
; Total output ports with no 1/0-value coverage       ; 92           ;
; Total output ports with no 1-value coverage         ; 92           ;
; Total output ports with no 0-value coverage         ; 92           ;
+-----------------------------------------------------+--------------+


The following table displays output ports that toggle between 1 and 0 during simulation.
+------------------------------------------------------------------------------------------------------------------------------------------------------------+
; Complete 1/0-Value Coverage                                                                                                                                ;
+--------------------------------------------------------------------+--------------------------------------------------------------------+------------------+
; Node Name                                                          ; Output Port Name                                                   ; Output Port Type ;
+--------------------------------------------------------------------+--------------------------------------------------------------------+------------------+
; |experiment31|in8[1]~reg0                                          ; |experiment31|in8[1]~reg0                                          ; regout           ;
; |experiment31|in8[0]~reg0                                          ; |experiment31|in8[0]~reg0                                          ; regout           ;
; |experiment31|out~0                                                ; |experiment31|out~0                                                ; out              ;
; |experiment31|out~1                                                ; |experiment31|out~1                                                ; out              ;
; |experiment31|out~2                                                ; |experiment31|out~2                                                ; out              ;
; |experiment31|out~3                                                ; |experiment31|out~3                                                ; out              ;
; |experiment31|in8[2]~reg0                                          ; |experiment31|in8[2]~reg0                                          ; regout           ;
; |experiment31|in8[3]~reg0                                          ; |experiment31|in8[3]~reg0                                          ; regout           ;
; |experiment31|in7[0]~reg0                                          ; |experiment31|in7[0]~reg0                                          ; regout           ;
; |experiment31|in7[1]~reg0                                          ; |experiment31|in7[1]~reg0                                          ; regout           ;
; |experiment31|in7[2]~reg0                                          ; |experiment31|in7[2]~reg0                                          ; regout           ;
; |experiment31|in7[3]~reg0                                          ; |experiment31|in7[3]~reg0                                          ; regout           ;
; |experiment31|in6[0]~reg0                                          ; |experiment31|in6[0]~reg0                                          ; regout           ;
; |experiment31|in6[1]~reg0                                          ; |experiment31|in6[1]~reg0                                          ; regout           ;
; |experiment31|in6[2]~reg0                                          ; |experiment31|in6[2]~reg0                                          ; regout           ;
; |experiment31|in6[3]~reg0                                          ; |experiment31|in6[3]~reg0                                          ; regout           ;
; |experiment31|in5[0]~reg0                                          ; |experiment31|in5[0]~reg0                                          ; regout           ;
; |experiment31|in5[1]~reg0                                          ; |experiment31|in5[1]~reg0                                          ; regout           ;
; |experiment31|in5[2]~reg0                                          ; |experiment31|in5[2]~reg0                                          ; regout           ;
; |experiment31|in5[3]~reg0                                          ; |experiment31|in5[3]~reg0                                          ; regout           ;
; |experiment31|in4[0]~reg0                                          ; |experiment31|in4[0]~reg0                                          ; regout           ;
; |experiment31|in4[1]~reg0                                          ; |experiment31|in4[1]~reg0                                          ; regout           ;
; |experiment31|in4[2]~reg0                                          ; |experiment31|in4[2]~reg0                                          ; regout           ;
; |experiment31|in4[3]~reg0                                          ; |experiment31|in4[3]~reg0                                          ; regout           ;
; |experiment31|in3[0]~reg0                                          ; |experiment31|in3[0]~reg0                                          ; regout           ;
; |experiment31|in3[1]~reg0                                          ; |experiment31|in3[1]~reg0                                          ; regout           ;
; |experiment31|in3[2]~reg0                                          ; |experiment31|in3[2]~reg0                                          ; regout           ;
; |experiment31|in3[3]~reg0                                          ; |experiment31|in3[3]~reg0                                          ; regout           ;
; |experiment31|in2[0]~reg0                                          ; |experiment31|in2[0]~reg0                                          ; regout           ;
; |experiment31|in2[1]~reg0                                          ; |experiment31|in2[1]~reg0                                          ; regout           ;
; |experiment31|in2[2]~reg0                                          ; |experiment31|in2[2]~reg0                                          ; regout           ;
; |experiment31|in2[3]~reg0                                          ; |experiment31|in2[3]~reg0                                          ; regout           ;
; |experiment31|in1[0]~reg0                                          ; |experiment31|in1[0]~reg0                                          ; regout           ;
; |experiment31|in1[1]~reg0                                          ; |experiment31|in1[1]~reg0                                          ; regout           ;
; |experiment31|in1[2]~reg0                                          ; |experiment31|in1[2]~reg0                                          ; regout           ;
; |experiment31|in1[3]~reg0                                          ; |experiment31|in1[3]~reg0                                          ; regout           ;
; |experiment31|pressed                                              ; |experiment31|pressed                                              ; out              ;
; |experiment31|key[0]                                               ; |experiment31|key[0]                                               ; out              ;
; |experiment31|key[1]                                               ; |experiment31|key[1]                                               ; out              ;
; |experiment31|key[2]                                               ; |experiment31|key[2]                                               ; out              ;
; |experiment31|key[3]                                               ; |experiment31|key[3]                                               ; out              ;
; |experiment31|out[0]                                               ; |experiment31|out[0]                                               ; pin_out          ;
; |experiment31|out[1]                                               ; |experiment31|out[1]                                               ; pin_out          ;
; |experiment31|out[2]                                               ; |experiment31|out[2]                                               ; pin_out          ;
; |experiment31|out[3]                                               ; |experiment31|out[3]                                               ; pin_out          ;
; |experiment31|in1[0]                                               ; |experiment31|in1[0]                                               ; pin_out          ;
; |experiment31|in1[1]                                               ; |experiment31|in1[1]                                               ; pin_out          ;
; |experiment31|in1[2]                                               ; |experiment31|in1[2]                                               ; pin_out          ;
; |experiment31|in1[3]                                               ; |experiment31|in1[3]                                               ; pin_out          ;
; |experiment31|in2[0]                                               ; |experiment31|in2[0]                                               ; pin_out          ;
; |experiment31|in2[1]                                               ; |experiment31|in2[1]                                               ; pin_out          ;
; |experiment31|in2[2]                                               ; |experiment31|in2[2]                                               ; pin_out          ;
; |experiment31|in2[3]                                               ; |experiment31|in2[3]                                               ; pin_out          ;
; |experiment31|in3[0]                                               ; |experiment31|in3[0]                                               ; pin_out          ;
; |experiment31|in3[1]                                               ; |experiment31|in3[1]                                               ; pin_out          ;
; |experiment31|in3[2]                                               ; |experiment31|in3[2]                                               ; pin_out          ;
; |experiment31|in3[3]                                               ; |experiment31|in3[3]                                               ; pin_out          ;
; |experiment31|in4[0]                                               ; |experiment31|in4[0]                                               ; pin_out          ;
; |experiment31|in4[1]                                               ; |experiment31|in4[1]                                               ; pin_out          ;
; |experiment31|in4[2]                                               ; |experiment31|in4[2]                                               ; pin_out          ;
; |experiment31|in4[3]                                               ; |experiment31|in4[3]                                               ; pin_out          ;
; |experiment31|in5[0]                                               ; |experiment31|in5[0]                                               ; pin_out          ;
; |experiment31|in5[1]                                               ; |experiment31|in5[1]                                               ; pin_out          ;
; |experiment31|in5[2]                                               ; |experiment31|in5[2]                                               ; pin_out          ;
; |experiment31|in5[3]                                               ; |experiment31|in5[3]                                               ; pin_out          ;
; |experiment31|in6[0]                                               ; |experiment31|in6[0]                                               ; pin_out          ;
; |experiment31|in6[1]                                               ; |experiment31|in6[1]                                               ; pin_out          ;
; |experiment31|in6[2]                                               ; |experiment31|in6[2]                                               ; pin_out          ;
; |experiment31|in6[3]                                               ; |experiment31|in6[3]                                               ; pin_out          ;
; |experiment31|in7[0]                                               ; |experiment31|in7[0]                                               ; pin_out          ;
; |experiment31|in7[1]                                               ; |experiment31|in7[1]                                               ; pin_out          ;
; |experiment31|in7[2]                                               ; |experiment31|in7[2]                                               ; pin_out          ;
; |experiment31|in7[3]                                               ; |experiment31|in7[3]                                               ; pin_out          ;
; |experiment31|in8[0]                                               ; |experiment31|in8[0]                                               ; pin_out          ;
; |experiment31|in8[1]                                               ; |experiment31|in8[1]                                               ; pin_out          ;
; |experiment31|in8[2]                                               ; |experiment31|in8[2]                                               ; pin_out          ;
; |experiment31|in8[3]                                               ; |experiment31|in8[3]                                               ; pin_out          ;
; |experiment31|lpm_mux:Mux3|mux_cqc:auto_generated|_~2              ; |experiment31|lpm_mux:Mux3|mux_cqc:auto_generated|_~2              ; out0             ;
; |experiment31|lpm_mux:Mux3|mux_cqc:auto_generated|_~4              ; |experiment31|lpm_mux:Mux3|mux_cqc:auto_generated|_~4              ; out0             ;
; |experiment31|lpm_mux:Mux3|mux_cqc:auto_generated|_~5              ; |experiment31|lpm_mux:Mux3|mux_cqc:auto_generated|_~5              ; out0             ;
; |experiment31|lpm_mux:Mux3|mux_cqc:auto_generated|_~7              ; |experiment31|lpm_mux:Mux3|mux_cqc:auto_generated|_~7              ; out0             ;
; |experiment31|lpm_mux:Mux3|mux_cqc:auto_generated|_~8              ; |experiment31|lpm_mux:Mux3|mux_cqc:auto_generated|_~8              ; out0             ;
; |experiment31|lpm_mux:Mux3|mux_cqc:auto_generated|_~11             ; |experiment31|lpm_mux:Mux3|mux_cqc:auto_generated|_~11             ; out0             ;
; |experiment31|lpm_mux:Mux3|mux_cqc:auto_generated|_~13             ; |experiment31|lpm_mux:Mux3|mux_cqc:auto_generated|_~13             ; out0             ;
; |experiment31|lpm_mux:Mux3|mux_cqc:auto_generated|_~14             ; |experiment31|lpm_mux:Mux3|mux_cqc:auto_generated|_~14             ; out0             ;
; |experiment31|lpm_mux:Mux3|mux_cqc:auto_generated|_~16             ; |experiment31|lpm_mux:Mux3|mux_cqc:auto_generated|_~16             ; out0             ;
; |experiment31|lpm_mux:Mux3|mux_cqc:auto_generated|_~19             ; |experiment31|lpm_mux:Mux3|mux_cqc:auto_generated|_~19             ; out0             ;
; |experiment31|lpm_mux:Mux3|mux_cqc:auto_generated|_~20             ; |experiment31|lpm_mux:Mux3|mux_cqc:auto_generated|_~20             ; out0             ;
; |experiment31|lpm_mux:Mux3|mux_cqc:auto_generated|_~24             ; |experiment31|lpm_mux:Mux3|mux_cqc:auto_generated|_~24             ; out0             ;
; |experiment31|lpm_mux:Mux3|mux_cqc:auto_generated|_~26             ; |experiment31|lpm_mux:Mux3|mux_cqc:auto_generated|_~26             ; out0             ;
; |experiment31|lpm_mux:Mux3|mux_cqc:auto_generated|_~27             ; |experiment31|lpm_mux:Mux3|mux_cqc:auto_generated|_~27             ; out0             ;
; |experiment31|lpm_mux:Mux3|mux_cqc:auto_generated|_~29             ; |experiment31|lpm_mux:Mux3|mux_cqc:auto_generated|_~29             ; out0             ;
; |experiment31|lpm_mux:Mux3|mux_cqc:auto_generated|_~30             ; |experiment31|lpm_mux:Mux3|mux_cqc:auto_generated|_~30             ; out0             ;
; |experiment31|lpm_mux:Mux3|mux_cqc:auto_generated|_~33             ; |experiment31|lpm_mux:Mux3|mux_cqc:auto_generated|_~33             ; out0             ;
; |experiment31|lpm_mux:Mux3|mux_cqc:auto_generated|_~35             ; |experiment31|lpm_mux:Mux3|mux_cqc:auto_generated|_~35             ; out0             ;
; |experiment31|lpm_mux:Mux3|mux_cqc:auto_generated|_~36             ; |experiment31|lpm_mux:Mux3|mux_cqc:auto_generated|_~36             ; out0             ;
; |experiment31|lpm_mux:Mux3|mux_cqc:auto_generated|_~38             ; |experiment31|lpm_mux:Mux3|mux_cqc:auto_generated|_~38             ; out0             ;
; |experiment31|lpm_mux:Mux3|mux_cqc:auto_generated|_~41             ; |experiment31|lpm_mux:Mux3|mux_cqc:auto_generated|_~41             ; out0             ;
; |experiment31|lpm_mux:Mux3|mux_cqc:auto_generated|_~42             ; |experiment31|lpm_mux:Mux3|mux_cqc:auto_generated|_~42             ; out0             ;
; |experiment31|lpm_mux:Mux3|mux_cqc:auto_generated|result_node[0]~1 ; |experiment31|lpm_mux:Mux3|mux_cqc:auto_generated|result_node[0]~1 ; out0             ;
; |experiment31|lpm_mux:Mux3|mux_cqc:auto_generated|result_node[0]   ; |experiment31|lpm_mux:Mux3|mux_cqc:auto_generated|result_node[0]   ; out0             ;
; |experiment31|lpm_mux:Mux2|mux_cqc:auto_generated|_~2              ; |experiment31|lpm_mux:Mux2|mux_cqc:auto_generated|_~2              ; out0             ;
; |experiment31|lpm_mux:Mux2|mux_cqc:auto_generated|_~4              ; |experiment31|lpm_mux:Mux2|mux_cqc:auto_generated|_~4              ; out0             ;
; |experiment31|lpm_mux:Mux2|mux_cqc:auto_generated|_~5              ; |experiment31|lpm_mux:Mux2|mux_cqc:auto_generated|_~5              ; out0             ;
; |experiment31|lpm_mux:Mux2|mux_cqc:auto_generated|_~7              ; |experiment31|lpm_mux:Mux2|mux_cqc:auto_generated|_~7              ; out0             ;
; |experiment31|lpm_mux:Mux2|mux_cqc:auto_generated|_~8              ; |experiment31|lpm_mux:Mux2|mux_cqc:auto_generated|_~8              ; out0             ;
; |experiment31|lpm_mux:Mux2|mux_cqc:auto_generated|_~11             ; |experiment31|lpm_mux:Mux2|mux_cqc:auto_generated|_~11             ; out0             ;
; |experiment31|lpm_mux:Mux2|mux_cqc:auto_generated|_~13             ; |experiment31|lpm_mux:Mux2|mux_cqc:auto_generated|_~13             ; out0             ;
; |experiment31|lpm_mux:Mux2|mux_cqc:auto_generated|_~14             ; |experiment31|lpm_mux:Mux2|mux_cqc:auto_generated|_~14             ; out0             ;
; |experiment31|lpm_mux:Mux2|mux_cqc:auto_generated|_~16             ; |experiment31|lpm_mux:Mux2|mux_cqc:auto_generated|_~16             ; out0             ;
; |experiment31|lpm_mux:Mux2|mux_cqc:auto_generated|_~19             ; |experiment31|lpm_mux:Mux2|mux_cqc:auto_generated|_~19             ; out0             ;
; |experiment31|lpm_mux:Mux2|mux_cqc:auto_generated|_~20             ; |experiment31|lpm_mux:Mux2|mux_cqc:auto_generated|_~20             ; out0             ;
; |experiment31|lpm_mux:Mux2|mux_cqc:auto_generated|_~24             ; |experiment31|lpm_mux:Mux2|mux_cqc:auto_generated|_~24             ; out0             ;
; |experiment31|lpm_mux:Mux2|mux_cqc:auto_generated|_~26             ; |experiment31|lpm_mux:Mux2|mux_cqc:auto_generated|_~26             ; out0             ;
; |experiment31|lpm_mux:Mux2|mux_cqc:auto_generated|_~27             ; |experiment31|lpm_mux:Mux2|mux_cqc:auto_generated|_~27             ; out0             ;
; |experiment31|lpm_mux:Mux2|mux_cqc:auto_generated|_~29             ; |experiment31|lpm_mux:Mux2|mux_cqc:auto_generated|_~29             ; out0             ;
; |experiment31|lpm_mux:Mux2|mux_cqc:auto_generated|_~30             ; |experiment31|lpm_mux:Mux2|mux_cqc:auto_generated|_~30             ; out0             ;
; |experiment31|lpm_mux:Mux2|mux_cqc:auto_generated|_~33             ; |experiment31|lpm_mux:Mux2|mux_cqc:auto_generated|_~33             ; out0             ;
; |experiment31|lpm_mux:Mux2|mux_cqc:auto_generated|_~35             ; |experiment31|lpm_mux:Mux2|mux_cqc:auto_generated|_~35             ; out0             ;
; |experiment31|lpm_mux:Mux2|mux_cqc:auto_generated|_~36             ; |experiment31|lpm_mux:Mux2|mux_cqc:auto_generated|_~36             ; out0             ;
; |experiment31|lpm_mux:Mux2|mux_cqc:auto_generated|_~38             ; |experiment31|lpm_mux:Mux2|mux_cqc:auto_generated|_~38             ; out0             ;
; |experiment31|lpm_mux:Mux2|mux_cqc:auto_generated|_~41             ; |experiment31|lpm_mux:Mux2|mux_cqc:auto_generated|_~41             ; out0             ;
; |experiment31|lpm_mux:Mux2|mux_cqc:auto_generated|_~42             ; |experiment31|lpm_mux:Mux2|mux_cqc:auto_generated|_~42             ; out0             ;
; |experiment31|lpm_mux:Mux2|mux_cqc:auto_generated|result_node[0]~1 ; |experiment31|lpm_mux:Mux2|mux_cqc:auto_generated|result_node[0]~1 ; out0             ;
; |experiment31|lpm_mux:Mux2|mux_cqc:auto_generated|result_node[0]   ; |experiment31|lpm_mux:Mux2|mux_cqc:auto_generated|result_node[0]   ; out0             ;
; |experiment31|lpm_mux:Mux1|mux_cqc:auto_generated|_~2              ; |experiment31|lpm_mux:Mux1|mux_cqc:auto_generated|_~2              ; out0             ;
; |experiment31|lpm_mux:Mux1|mux_cqc:auto_generated|_~4              ; |experiment31|lpm_mux:Mux1|mux_cqc:auto_generated|_~4              ; out0             ;
; |experiment31|lpm_mux:Mux1|mux_cqc:auto_generated|_~5              ; |experiment31|lpm_mux:Mux1|mux_cqc:auto_generated|_~5              ; out0             ;
; |experiment31|lpm_mux:Mux1|mux_cqc:auto_generated|_~7              ; |experiment31|lpm_mux:Mux1|mux_cqc:auto_generated|_~7              ; out0             ;
; |experiment31|lpm_mux:Mux1|mux_cqc:auto_generated|_~8              ; |experiment31|lpm_mux:Mux1|mux_cqc:auto_generated|_~8              ; out0             ;
; |experiment31|lpm_mux:Mux1|mux_cqc:auto_generated|_~11             ; |experiment31|lpm_mux:Mux1|mux_cqc:auto_generated|_~11             ; out0             ;
; |experiment31|lpm_mux:Mux1|mux_cqc:auto_generated|_~13             ; |experiment31|lpm_mux:Mux1|mux_cqc:auto_generated|_~13             ; out0             ;
; |experiment31|lpm_mux:Mux1|mux_cqc:auto_generated|_~14             ; |experiment31|lpm_mux:Mux1|mux_cqc:auto_generated|_~14             ; out0             ;
; |experiment31|lpm_mux:Mux1|mux_cqc:auto_generated|_~16             ; |experiment31|lpm_mux:Mux1|mux_cqc:auto_generated|_~16             ; out0             ;
; |experiment31|lpm_mux:Mux1|mux_cqc:auto_generated|_~19             ; |experiment31|lpm_mux:Mux1|mux_cqc:auto_generated|_~19             ; out0             ;
; |experiment31|lpm_mux:Mux1|mux_cqc:auto_generated|_~20             ; |experiment31|lpm_mux:Mux1|mux_cqc:auto_generated|_~20             ; out0             ;
; |experiment31|lpm_mux:Mux1|mux_cqc:auto_generated|_~24             ; |experiment31|lpm_mux:Mux1|mux_cqc:auto_generated|_~24             ; out0             ;
; |experiment31|lpm_mux:Mux1|mux_cqc:auto_generated|_~26             ; |experiment31|lpm_mux:Mux1|mux_cqc:auto_generated|_~26             ; out0             ;
; |experiment31|lpm_mux:Mux1|mux_cqc:auto_generated|_~27             ; |experiment31|lpm_mux:Mux1|mux_cqc:auto_generated|_~27             ; out0             ;
; |experiment31|lpm_mux:Mux1|mux_cqc:auto_generated|_~29             ; |experiment31|lpm_mux:Mux1|mux_cqc:auto_generated|_~29             ; out0             ;
; |experiment31|lpm_mux:Mux1|mux_cqc:auto_generated|_~30             ; |experiment31|lpm_mux:Mux1|mux_cqc:auto_generated|_~30             ; out0             ;
; |experiment31|lpm_mux:Mux1|mux_cqc:auto_generated|_~33             ; |experiment31|lpm_mux:Mux1|mux_cqc:auto_generated|_~33             ; out0             ;
; |experiment31|lpm_mux:Mux1|mux_cqc:auto_generated|_~35             ; |experiment31|lpm_mux:Mux1|mux_cqc:auto_generated|_~35             ; out0             ;
; |experiment31|lpm_mux:Mux1|mux_cqc:auto_generated|_~36             ; |experiment31|lpm_mux:Mux1|mux_cqc:auto_generated|_~36             ; out0             ;
; |experiment31|lpm_mux:Mux1|mux_cqc:auto_generated|_~38             ; |experiment31|lpm_mux:Mux1|mux_cqc:auto_generated|_~38             ; out0             ;
; |experiment31|lpm_mux:Mux1|mux_cqc:auto_generated|_~41             ; |experiment31|lpm_mux:Mux1|mux_cqc:auto_generated|_~41             ; out0             ;
; |experiment31|lpm_mux:Mux1|mux_cqc:auto_generated|_~42             ; |experiment31|lpm_mux:Mux1|mux_cqc:auto_generated|_~42             ; out0             ;
; |experiment31|lpm_mux:Mux1|mux_cqc:auto_generated|result_node[0]~1 ; |experiment31|lpm_mux:Mux1|mux_cqc:auto_generated|result_node[0]~1 ; out0             ;
; |experiment31|lpm_mux:Mux1|mux_cqc:auto_generated|result_node[0]   ; |experiment31|lpm_mux:Mux1|mux_cqc:auto_generated|result_node[0]   ; out0             ;
; |experiment31|lpm_mux:Mux0|mux_cqc:auto_generated|_~2              ; |experiment31|lpm_mux:Mux0|mux_cqc:auto_generated|_~2              ; out0             ;
; |experiment31|lpm_mux:Mux0|mux_cqc:auto_generated|_~4              ; |experiment31|lpm_mux:Mux0|mux_cqc:auto_generated|_~4              ; out0             ;
; |experiment31|lpm_mux:Mux0|mux_cqc:auto_generated|_~5              ; |experiment31|lpm_mux:Mux0|mux_cqc:auto_generated|_~5              ; out0             ;
; |experiment31|lpm_mux:Mux0|mux_cqc:auto_generated|_~7              ; |experiment31|lpm_mux:Mux0|mux_cqc:auto_generated|_~7              ; out0             ;
; |experiment31|lpm_mux:Mux0|mux_cqc:auto_generated|_~8              ; |experiment31|lpm_mux:Mux0|mux_cqc:auto_generated|_~8              ; out0             ;
; |experiment31|lpm_mux:Mux0|mux_cqc:auto_generated|_~11             ; |experiment31|lpm_mux:Mux0|mux_cqc:auto_generated|_~11             ; out0             ;
; |experiment31|lpm_mux:Mux0|mux_cqc:auto_generated|_~13             ; |experiment31|lpm_mux:Mux0|mux_cqc:auto_generated|_~13             ; out0             ;
; |experiment31|lpm_mux:Mux0|mux_cqc:auto_generated|_~14             ; |experiment31|lpm_mux:Mux0|mux_cqc:auto_generated|_~14             ; out0             ;
; |experiment31|lpm_mux:Mux0|mux_cqc:auto_generated|_~16             ; |experiment31|lpm_mux:Mux0|mux_cqc:auto_generated|_~16             ; out0             ;
; |experiment31|lpm_mux:Mux0|mux_cqc:auto_generated|_~19             ; |experiment31|lpm_mux:Mux0|mux_cqc:auto_generated|_~19             ; out0             ;
; |experiment31|lpm_mux:Mux0|mux_cqc:auto_generated|_~20             ; |experiment31|lpm_mux:Mux0|mux_cqc:auto_generated|_~20             ; out0             ;
; |experiment31|lpm_mux:Mux0|mux_cqc:auto_generated|_~24             ; |experiment31|lpm_mux:Mux0|mux_cqc:auto_generated|_~24             ; out0             ;
; |experiment31|lpm_mux:Mux0|mux_cqc:auto_generated|_~26             ; |experiment31|lpm_mux:Mux0|mux_cqc:auto_generated|_~26             ; out0             ;
; |experiment31|lpm_mux:Mux0|mux_cqc:auto_generated|_~27             ; |experiment31|lpm_mux:Mux0|mux_cqc:auto_generated|_~27             ; out0             ;
; |experiment31|lpm_mux:Mux0|mux_cqc:auto_generated|_~29             ; |experiment31|lpm_mux:Mux0|mux_cqc:auto_generated|_~29             ; out0             ;
; |experiment31|lpm_mux:Mux0|mux_cqc:auto_generated|_~30             ; |experiment31|lpm_mux:Mux0|mux_cqc:auto_generated|_~30             ; out0             ;
; |experiment31|lpm_mux:Mux0|mux_cqc:auto_generated|_~33             ; |experiment31|lpm_mux:Mux0|mux_cqc:auto_generated|_~33             ; out0             ;
; |experiment31|lpm_mux:Mux0|mux_cqc:auto_generated|_~35             ; |experiment31|lpm_mux:Mux0|mux_cqc:auto_generated|_~35             ; out0             ;
; |experiment31|lpm_mux:Mux0|mux_cqc:auto_generated|_~36             ; |experiment31|lpm_mux:Mux0|mux_cqc:auto_generated|_~36             ; out0             ;
; |experiment31|lpm_mux:Mux0|mux_cqc:auto_generated|_~38             ; |experiment31|lpm_mux:Mux0|mux_cqc:auto_generated|_~38             ; out0             ;
; |experiment31|lpm_mux:Mux0|mux_cqc:auto_generated|_~41             ; |experiment31|lpm_mux:Mux0|mux_cqc:auto_generated|_~41             ; out0             ;
; |experiment31|lpm_mux:Mux0|mux_cqc:auto_generated|_~42             ; |experiment31|lpm_mux:Mux0|mux_cqc:auto_generated|_~42             ; out0             ;
; |experiment31|lpm_mux:Mux0|mux_cqc:auto_generated|result_node[0]~1 ; |experiment31|lpm_mux:Mux0|mux_cqc:auto_generated|result_node[0]~1 ; out0             ;
; |experiment31|lpm_mux:Mux0|mux_cqc:auto_generated|result_node[0]   ; |experiment31|lpm_mux:Mux0|mux_cqc:auto_generated|result_node[0]   ; out0             ;
+--------------------------------------------------------------------+--------------------------------------------------------------------+------------------+


The following table displays output ports that do not toggle to 1 during simulation.
+------------------------------------------------------------------------------------------------------------------------------------------------------------+
; Missing 1-Value Coverage                                                                                                                                   ;
+--------------------------------------------------------------------+--------------------------------------------------------------------+------------------+
; Node Name                                                          ; Output Port Name                                                   ; Output Port Type ;
+--------------------------------------------------------------------+--------------------------------------------------------------------+------------------+
; |experiment31|en                                                   ; |experiment31|en                                                   ; out              ;
; |experiment31|sel[0]                                               ; |experiment31|sel[0]                                               ; out              ;
; |experiment31|sel[1]                                               ; |experiment31|sel[1]                                               ; out              ;
; |experiment31|sel[2]                                               ; |experiment31|sel[2]                                               ; out              ;
; |experiment31|lpm_mux:Mux3|mux_cqc:auto_generated|_~0              ; |experiment31|lpm_mux:Mux3|mux_cqc:auto_generated|_~0              ; out0             ;
; |experiment31|lpm_mux:Mux3|mux_cqc:auto_generated|_~1              ; |experiment31|lpm_mux:Mux3|mux_cqc:auto_generated|_~1              ; out0             ;
; |experiment31|lpm_mux:Mux3|mux_cqc:auto_generated|_~3              ; |experiment31|lpm_mux:Mux3|mux_cqc:auto_generated|_~3              ; out0             ;
; |experiment31|lpm_mux:Mux3|mux_cqc:auto_generated|_~6              ; |experiment31|lpm_mux:Mux3|mux_cqc:auto_generated|_~6              ; out0             ;
; |experiment31|lpm_mux:Mux3|mux_cqc:auto_generated|_~9              ; |experiment31|lpm_mux:Mux3|mux_cqc:auto_generated|_~9              ; out0             ;
; |experiment31|lpm_mux:Mux3|mux_cqc:auto_generated|_~10             ; |experiment31|lpm_mux:Mux3|mux_cqc:auto_generated|_~10             ; out0             ;
; |experiment31|lpm_mux:Mux3|mux_cqc:auto_generated|_~12             ; |experiment31|lpm_mux:Mux3|mux_cqc:auto_generated|_~12             ; out0             ;
; |experiment31|lpm_mux:Mux3|mux_cqc:auto_generated|_~15             ; |experiment31|lpm_mux:Mux3|mux_cqc:auto_generated|_~15             ; out0             ;
; |experiment31|lpm_mux:Mux3|mux_cqc:auto_generated|_~17             ; |experiment31|lpm_mux:Mux3|mux_cqc:auto_generated|_~17             ; out0             ;
; |experiment31|lpm_mux:Mux3|mux_cqc:auto_generated|_~18             ; |experiment31|lpm_mux:Mux3|mux_cqc:auto_generated|_~18             ; out0             ;
; |experiment31|lpm_mux:Mux3|mux_cqc:auto_generated|result_node[0]~0 ; |experiment31|lpm_mux:Mux3|mux_cqc:auto_generated|result_node[0]~0 ; out0             ;
; |experiment31|lpm_mux:Mux3|mux_cqc:auto_generated|_~21             ; |experiment31|lpm_mux:Mux3|mux_cqc:auto_generated|_~21             ; out0             ;
; |experiment31|lpm_mux:Mux3|mux_cqc:auto_generated|_~22             ; |experiment31|lpm_mux:Mux3|mux_cqc:auto_generated|_~22             ; out0             ;
; |experiment31|lpm_mux:Mux3|mux_cqc:auto_generated|_~23             ; |experiment31|lpm_mux:Mux3|mux_cqc:auto_generated|_~23             ; out0             ;
; |experiment31|lpm_mux:Mux3|mux_cqc:auto_generated|_~25             ; |experiment31|lpm_mux:Mux3|mux_cqc:auto_generated|_~25             ; out0             ;
; |experiment31|lpm_mux:Mux3|mux_cqc:auto_generated|_~28             ; |experiment31|lpm_mux:Mux3|mux_cqc:auto_generated|_~28             ; out0             ;
; |experiment31|lpm_mux:Mux3|mux_cqc:auto_generated|_~31             ; |experiment31|lpm_mux:Mux3|mux_cqc:auto_generated|_~31             ; out0             ;
; |experiment31|lpm_mux:Mux3|mux_cqc:auto_generated|_~32             ; |experiment31|lpm_mux:Mux3|mux_cqc:auto_generated|_~32             ; out0             ;
; |experiment31|lpm_mux:Mux3|mux_cqc:auto_generated|_~34             ; |experiment31|lpm_mux:Mux3|mux_cqc:auto_generated|_~34             ; out0             ;
; |experiment31|lpm_mux:Mux3|mux_cqc:auto_generated|_~37             ; |experiment31|lpm_mux:Mux3|mux_cqc:auto_generated|_~37             ; out0             ;
; |experiment31|lpm_mux:Mux3|mux_cqc:auto_generated|_~39             ; |experiment31|lpm_mux:Mux3|mux_cqc:auto_generated|_~39             ; out0             ;
; |experiment31|lpm_mux:Mux3|mux_cqc:auto_generated|_~40             ; |experiment31|lpm_mux:Mux3|mux_cqc:auto_generated|_~40             ; out0             ;
; |experiment31|lpm_mux:Mux2|mux_cqc:auto_generated|_~0              ; |experiment31|lpm_mux:Mux2|mux_cqc:auto_generated|_~0              ; out0             ;
; |experiment31|lpm_mux:Mux2|mux_cqc:auto_generated|_~1              ; |experiment31|lpm_mux:Mux2|mux_cqc:auto_generated|_~1              ; out0             ;
; |experiment31|lpm_mux:Mux2|mux_cqc:auto_generated|_~3              ; |experiment31|lpm_mux:Mux2|mux_cqc:auto_generated|_~3              ; out0             ;
; |experiment31|lpm_mux:Mux2|mux_cqc:auto_generated|_~6              ; |experiment31|lpm_mux:Mux2|mux_cqc:auto_generated|_~6              ; out0             ;
; |experiment31|lpm_mux:Mux2|mux_cqc:auto_generated|_~9              ; |experiment31|lpm_mux:Mux2|mux_cqc:auto_generated|_~9              ; out0             ;
; |experiment31|lpm_mux:Mux2|mux_cqc:auto_generated|_~10             ; |experiment31|lpm_mux:Mux2|mux_cqc:auto_generated|_~10             ; out0             ;
; |experiment31|lpm_mux:Mux2|mux_cqc:auto_generated|_~12             ; |experiment31|lpm_mux:Mux2|mux_cqc:auto_generated|_~12             ; out0             ;
; |experiment31|lpm_mux:Mux2|mux_cqc:auto_generated|_~15             ; |experiment31|lpm_mux:Mux2|mux_cqc:auto_generated|_~15             ; out0             ;
; |experiment31|lpm_mux:Mux2|mux_cqc:auto_generated|_~17             ; |experiment31|lpm_mux:Mux2|mux_cqc:auto_generated|_~17             ; out0             ;
; |experiment31|lpm_mux:Mux2|mux_cqc:auto_generated|_~18             ; |experiment31|lpm_mux:Mux2|mux_cqc:auto_generated|_~18             ; out0             ;
; |experiment31|lpm_mux:Mux2|mux_cqc:auto_generated|result_node[0]~0 ; |experiment31|lpm_mux:Mux2|mux_cqc:auto_generated|result_node[0]~0 ; out0             ;
; |experiment31|lpm_mux:Mux2|mux_cqc:auto_generated|_~21             ; |experiment31|lpm_mux:Mux2|mux_cqc:auto_generated|_~21             ; out0             ;
; |experiment31|lpm_mux:Mux2|mux_cqc:auto_generated|_~22             ; |experiment31|lpm_mux:Mux2|mux_cqc:auto_generated|_~22             ; out0             ;
; |experiment31|lpm_mux:Mux2|mux_cqc:auto_generated|_~23             ; |experiment31|lpm_mux:Mux2|mux_cqc:auto_generated|_~23             ; out0             ;
; |experiment31|lpm_mux:Mux2|mux_cqc:auto_generated|_~25             ; |experiment31|lpm_mux:Mux2|mux_cqc:auto_generated|_~25             ; out0             ;
; |experiment31|lpm_mux:Mux2|mux_cqc:auto_generated|_~28             ; |experiment31|lpm_mux:Mux2|mux_cqc:auto_generated|_~28             ; out0             ;
; |experiment31|lpm_mux:Mux2|mux_cqc:auto_generated|_~31             ; |experiment31|lpm_mux:Mux2|mux_cqc:auto_generated|_~31             ; out0             ;
; |experiment31|lpm_mux:Mux2|mux_cqc:auto_generated|_~32             ; |experiment31|lpm_mux:Mux2|mux_cqc:auto_generated|_~32             ; out0             ;
; |experiment31|lpm_mux:Mux2|mux_cqc:auto_generated|_~34             ; |experiment31|lpm_mux:Mux2|mux_cqc:auto_generated|_~34             ; out0             ;
; |experiment31|lpm_mux:Mux2|mux_cqc:auto_generated|_~37             ; |experiment31|lpm_mux:Mux2|mux_cqc:auto_generated|_~37             ; out0             ;
; |experiment31|lpm_mux:Mux2|mux_cqc:auto_generated|_~39             ; |experiment31|lpm_mux:Mux2|mux_cqc:auto_generated|_~39             ; out0             ;
; |experiment31|lpm_mux:Mux2|mux_cqc:auto_generated|_~40             ; |experiment31|lpm_mux:Mux2|mux_cqc:auto_generated|_~40             ; out0             ;
; |experiment31|lpm_mux:Mux1|mux_cqc:auto_generated|_~0              ; |experiment31|lpm_mux:Mux1|mux_cqc:auto_generated|_~0              ; out0             ;
; |experiment31|lpm_mux:Mux1|mux_cqc:auto_generated|_~1              ; |experiment31|lpm_mux:Mux1|mux_cqc:auto_generated|_~1              ; out0             ;
; |experiment31|lpm_mux:Mux1|mux_cqc:auto_generated|_~3              ; |experiment31|lpm_mux:Mux1|mux_cqc:auto_generated|_~3              ; out0             ;
; |experiment31|lpm_mux:Mux1|mux_cqc:auto_generated|_~6              ; |experiment31|lpm_mux:Mux1|mux_cqc:auto_generated|_~6              ; out0             ;
; |experiment31|lpm_mux:Mux1|mux_cqc:auto_generated|_~9              ; |experiment31|lpm_mux:Mux1|mux_cqc:auto_generated|_~9              ; out0             ;
; |experiment31|lpm_mux:Mux1|mux_cqc:auto_generated|_~10             ; |experiment31|lpm_mux:Mux1|mux_cqc:auto_generated|_~10             ; out0             ;
; |experiment31|lpm_mux:Mux1|mux_cqc:auto_generated|_~12             ; |experiment31|lpm_mux:Mux1|mux_cqc:auto_generated|_~12             ; out0             ;
; |experiment31|lpm_mux:Mux1|mux_cqc:auto_generated|_~15             ; |experiment31|lpm_mux:Mux1|mux_cqc:auto_generated|_~15             ; out0             ;
; |experiment31|lpm_mux:Mux1|mux_cqc:auto_generated|_~17             ; |experiment31|lpm_mux:Mux1|mux_cqc:auto_generated|_~17             ; out0             ;
; |experiment31|lpm_mux:Mux1|mux_cqc:auto_generated|_~18             ; |experiment31|lpm_mux:Mux1|mux_cqc:auto_generated|_~18             ; out0             ;
; |experiment31|lpm_mux:Mux1|mux_cqc:auto_generated|result_node[0]~0 ; |experiment31|lpm_mux:Mux1|mux_cqc:auto_generated|result_node[0]~0 ; out0             ;
; |experiment31|lpm_mux:Mux1|mux_cqc:auto_generated|_~21             ; |experiment31|lpm_mux:Mux1|mux_cqc:auto_generated|_~21             ; out0             ;
; |experiment31|lpm_mux:Mux1|mux_cqc:auto_generated|_~22             ; |experiment31|lpm_mux:Mux1|mux_cqc:auto_generated|_~22             ; out0             ;
; |experiment31|lpm_mux:Mux1|mux_cqc:auto_generated|_~23             ; |experiment31|lpm_mux:Mux1|mux_cqc:auto_generated|_~23             ; out0             ;
; |experiment31|lpm_mux:Mux1|mux_cqc:auto_generated|_~25             ; |experiment31|lpm_mux:Mux1|mux_cqc:auto_generated|_~25             ; out0             ;
; |experiment31|lpm_mux:Mux1|mux_cqc:auto_generated|_~28             ; |experiment31|lpm_mux:Mux1|mux_cqc:auto_generated|_~28             ; out0             ;
; |experiment31|lpm_mux:Mux1|mux_cqc:auto_generated|_~31             ; |experiment31|lpm_mux:Mux1|mux_cqc:auto_generated|_~31             ; out0             ;
; |experiment31|lpm_mux:Mux1|mux_cqc:auto_generated|_~32             ; |experiment31|lpm_mux:Mux1|mux_cqc:auto_generated|_~32             ; out0             ;
; |experiment31|lpm_mux:Mux1|mux_cqc:auto_generated|_~34             ; |experiment31|lpm_mux:Mux1|mux_cqc:auto_generated|_~34             ; out0             ;
; |experiment31|lpm_mux:Mux1|mux_cqc:auto_generated|_~37             ; |experiment31|lpm_mux:Mux1|mux_cqc:auto_generated|_~37             ; out0             ;
; |experiment31|lpm_mux:Mux1|mux_cqc:auto_generated|_~39             ; |experiment31|lpm_mux:Mux1|mux_cqc:auto_generated|_~39             ; out0             ;
; |experiment31|lpm_mux:Mux1|mux_cqc:auto_generated|_~40             ; |experiment31|lpm_mux:Mux1|mux_cqc:auto_generated|_~40             ; out0             ;
; |experiment31|lpm_mux:Mux0|mux_cqc:auto_generated|_~0              ; |experiment31|lpm_mux:Mux0|mux_cqc:auto_generated|_~0              ; out0             ;
; |experiment31|lpm_mux:Mux0|mux_cqc:auto_generated|_~1              ; |experiment31|lpm_mux:Mux0|mux_cqc:auto_generated|_~1              ; out0             ;
; |experiment31|lpm_mux:Mux0|mux_cqc:auto_generated|_~3              ; |experiment31|lpm_mux:Mux0|mux_cqc:auto_generated|_~3              ; out0             ;
; |experiment31|lpm_mux:Mux0|mux_cqc:auto_generated|_~6              ; |experiment31|lpm_mux:Mux0|mux_cqc:auto_generated|_~6              ; out0             ;
; |experiment31|lpm_mux:Mux0|mux_cqc:auto_generated|_~9              ; |experiment31|lpm_mux:Mux0|mux_cqc:auto_generated|_~9              ; out0             ;
; |experiment31|lpm_mux:Mux0|mux_cqc:auto_generated|_~10             ; |experiment31|lpm_mux:Mux0|mux_cqc:auto_generated|_~10             ; out0             ;
; |experiment31|lpm_mux:Mux0|mux_cqc:auto_generated|_~12             ; |experiment31|lpm_mux:Mux0|mux_cqc:auto_generated|_~12             ; out0             ;
; |experiment31|lpm_mux:Mux0|mux_cqc:auto_generated|_~15             ; |experiment31|lpm_mux:Mux0|mux_cqc:auto_generated|_~15             ; out0             ;
; |experiment31|lpm_mux:Mux0|mux_cqc:auto_generated|_~17             ; |experiment31|lpm_mux:Mux0|mux_cqc:auto_generated|_~17             ; out0             ;
; |experiment31|lpm_mux:Mux0|mux_cqc:auto_generated|_~18             ; |experiment31|lpm_mux:Mux0|mux_cqc:auto_generated|_~18             ; out0             ;
; |experiment31|lpm_mux:Mux0|mux_cqc:auto_generated|result_node[0]~0 ; |experiment31|lpm_mux:Mux0|mux_cqc:auto_generated|result_node[0]~0 ; out0             ;
; |experiment31|lpm_mux:Mux0|mux_cqc:auto_generated|_~21             ; |experiment31|lpm_mux:Mux0|mux_cqc:auto_generated|_~21             ; out0             ;
; |experiment31|lpm_mux:Mux0|mux_cqc:auto_generated|_~22             ; |experiment31|lpm_mux:Mux0|mux_cqc:auto_generated|_~22             ; out0             ;
; |experiment31|lpm_mux:Mux0|mux_cqc:auto_generated|_~23             ; |experiment31|lpm_mux:Mux0|mux_cqc:auto_generated|_~23             ; out0             ;
; |experiment31|lpm_mux:Mux0|mux_cqc:auto_generated|_~25             ; |experiment31|lpm_mux:Mux0|mux_cqc:auto_generated|_~25             ; out0             ;
; |experiment31|lpm_mux:Mux0|mux_cqc:auto_generated|_~28             ; |experiment31|lpm_mux:Mux0|mux_cqc:auto_generated|_~28             ; out0             ;
; |experiment31|lpm_mux:Mux0|mux_cqc:auto_generated|_~31             ; |experiment31|lpm_mux:Mux0|mux_cqc:auto_generated|_~31             ; out0             ;
; |experiment31|lpm_mux:Mux0|mux_cqc:auto_generated|_~32             ; |experiment31|lpm_mux:Mux0|mux_cqc:auto_generated|_~32             ; out0             ;
; |experiment31|lpm_mux:Mux0|mux_cqc:auto_generated|_~34             ; |experiment31|lpm_mux:Mux0|mux_cqc:auto_generated|_~34             ; out0             ;
; |experiment31|lpm_mux:Mux0|mux_cqc:auto_generated|_~37             ; |experiment31|lpm_mux:Mux0|mux_cqc:auto_generated|_~37             ; out0             ;
; |experiment31|lpm_mux:Mux0|mux_cqc:auto_generated|_~39             ; |experiment31|lpm_mux:Mux0|mux_cqc:auto_generated|_~39             ; out0             ;
; |experiment31|lpm_mux:Mux0|mux_cqc:auto_generated|_~40             ; |experiment31|lpm_mux:Mux0|mux_cqc:auto_generated|_~40             ; out0             ;
+--------------------------------------------------------------------+--------------------------------------------------------------------+------------------+


The following table displays output ports that do not toggle to 0 during simulation.
+------------------------------------------------------------------------------------------------------------------------------------------------------------+
; Missing 0-Value Coverage                                                                                                                                   ;
+--------------------------------------------------------------------+--------------------------------------------------------------------+------------------+
; Node Name                                                          ; Output Port Name                                                   ; Output Port Type ;
+--------------------------------------------------------------------+--------------------------------------------------------------------+------------------+
; |experiment31|en                                                   ; |experiment31|en                                                   ; out              ;
; |experiment31|sel[0]                                               ; |experiment31|sel[0]                                               ; out              ;
; |experiment31|sel[1]                                               ; |experiment31|sel[1]                                               ; out              ;
; |experiment31|sel[2]                                               ; |experiment31|sel[2]                                               ; out              ;
; |experiment31|lpm_mux:Mux3|mux_cqc:auto_generated|_~0              ; |experiment31|lpm_mux:Mux3|mux_cqc:auto_generated|_~0              ; out0             ;
; |experiment31|lpm_mux:Mux3|mux_cqc:auto_generated|_~1              ; |experiment31|lpm_mux:Mux3|mux_cqc:auto_generated|_~1              ; out0             ;
; |experiment31|lpm_mux:Mux3|mux_cqc:auto_generated|_~3              ; |experiment31|lpm_mux:Mux3|mux_cqc:auto_generated|_~3              ; out0             ;
; |experiment31|lpm_mux:Mux3|mux_cqc:auto_generated|_~6              ; |experiment31|lpm_mux:Mux3|mux_cqc:auto_generated|_~6              ; out0             ;
; |experiment31|lpm_mux:Mux3|mux_cqc:auto_generated|_~9              ; |experiment31|lpm_mux:Mux3|mux_cqc:auto_generated|_~9              ; out0             ;
; |experiment31|lpm_mux:Mux3|mux_cqc:auto_generated|_~10             ; |experiment31|lpm_mux:Mux3|mux_cqc:auto_generated|_~10             ; out0             ;
; |experiment31|lpm_mux:Mux3|mux_cqc:auto_generated|_~12             ; |experiment31|lpm_mux:Mux3|mux_cqc:auto_generated|_~12             ; out0             ;
; |experiment31|lpm_mux:Mux3|mux_cqc:auto_generated|_~15             ; |experiment31|lpm_mux:Mux3|mux_cqc:auto_generated|_~15             ; out0             ;
; |experiment31|lpm_mux:Mux3|mux_cqc:auto_generated|_~17             ; |experiment31|lpm_mux:Mux3|mux_cqc:auto_generated|_~17             ; out0             ;
; |experiment31|lpm_mux:Mux3|mux_cqc:auto_generated|_~18             ; |experiment31|lpm_mux:Mux3|mux_cqc:auto_generated|_~18             ; out0             ;
; |experiment31|lpm_mux:Mux3|mux_cqc:auto_generated|result_node[0]~0 ; |experiment31|lpm_mux:Mux3|mux_cqc:auto_generated|result_node[0]~0 ; out0             ;
; |experiment31|lpm_mux:Mux3|mux_cqc:auto_generated|_~21             ; |experiment31|lpm_mux:Mux3|mux_cqc:auto_generated|_~21             ; out0             ;
; |experiment31|lpm_mux:Mux3|mux_cqc:auto_generated|_~22             ; |experiment31|lpm_mux:Mux3|mux_cqc:auto_generated|_~22             ; out0             ;
; |experiment31|lpm_mux:Mux3|mux_cqc:auto_generated|_~23             ; |experiment31|lpm_mux:Mux3|mux_cqc:auto_generated|_~23             ; out0             ;
; |experiment31|lpm_mux:Mux3|mux_cqc:auto_generated|_~25             ; |experiment31|lpm_mux:Mux3|mux_cqc:auto_generated|_~25             ; out0             ;
; |experiment31|lpm_mux:Mux3|mux_cqc:auto_generated|_~28             ; |experiment31|lpm_mux:Mux3|mux_cqc:auto_generated|_~28             ; out0             ;
; |experiment31|lpm_mux:Mux3|mux_cqc:auto_generated|_~31             ; |experiment31|lpm_mux:Mux3|mux_cqc:auto_generated|_~31             ; out0             ;
; |experiment31|lpm_mux:Mux3|mux_cqc:auto_generated|_~32             ; |experiment31|lpm_mux:Mux3|mux_cqc:auto_generated|_~32             ; out0             ;
; |experiment31|lpm_mux:Mux3|mux_cqc:auto_generated|_~34             ; |experiment31|lpm_mux:Mux3|mux_cqc:auto_generated|_~34             ; out0             ;
; |experiment31|lpm_mux:Mux3|mux_cqc:auto_generated|_~37             ; |experiment31|lpm_mux:Mux3|mux_cqc:auto_generated|_~37             ; out0             ;
; |experiment31|lpm_mux:Mux3|mux_cqc:auto_generated|_~39             ; |experiment31|lpm_mux:Mux3|mux_cqc:auto_generated|_~39             ; out0             ;
; |experiment31|lpm_mux:Mux3|mux_cqc:auto_generated|_~40             ; |experiment31|lpm_mux:Mux3|mux_cqc:auto_generated|_~40             ; out0             ;
; |experiment31|lpm_mux:Mux2|mux_cqc:auto_generated|_~0              ; |experiment31|lpm_mux:Mux2|mux_cqc:auto_generated|_~0              ; out0             ;
; |experiment31|lpm_mux:Mux2|mux_cqc:auto_generated|_~1              ; |experiment31|lpm_mux:Mux2|mux_cqc:auto_generated|_~1              ; out0             ;
; |experiment31|lpm_mux:Mux2|mux_cqc:auto_generated|_~3              ; |experiment31|lpm_mux:Mux2|mux_cqc:auto_generated|_~3              ; out0             ;
; |experiment31|lpm_mux:Mux2|mux_cqc:auto_generated|_~6              ; |experiment31|lpm_mux:Mux2|mux_cqc:auto_generated|_~6              ; out0             ;
; |experiment31|lpm_mux:Mux2|mux_cqc:auto_generated|_~9              ; |experiment31|lpm_mux:Mux2|mux_cqc:auto_generated|_~9              ; out0             ;
; |experiment31|lpm_mux:Mux2|mux_cqc:auto_generated|_~10             ; |experiment31|lpm_mux:Mux2|mux_cqc:auto_generated|_~10             ; out0             ;
; |experiment31|lpm_mux:Mux2|mux_cqc:auto_generated|_~12             ; |experiment31|lpm_mux:Mux2|mux_cqc:auto_generated|_~12             ; out0             ;
; |experiment31|lpm_mux:Mux2|mux_cqc:auto_generated|_~15             ; |experiment31|lpm_mux:Mux2|mux_cqc:auto_generated|_~15             ; out0             ;
; |experiment31|lpm_mux:Mux2|mux_cqc:auto_generated|_~17             ; |experiment31|lpm_mux:Mux2|mux_cqc:auto_generated|_~17             ; out0             ;
; |experiment31|lpm_mux:Mux2|mux_cqc:auto_generated|_~18             ; |experiment31|lpm_mux:Mux2|mux_cqc:auto_generated|_~18             ; out0             ;
; |experiment31|lpm_mux:Mux2|mux_cqc:auto_generated|result_node[0]~0 ; |experiment31|lpm_mux:Mux2|mux_cqc:auto_generated|result_node[0]~0 ; out0             ;
; |experiment31|lpm_mux:Mux2|mux_cqc:auto_generated|_~21             ; |experiment31|lpm_mux:Mux2|mux_cqc:auto_generated|_~21             ; out0             ;
; |experiment31|lpm_mux:Mux2|mux_cqc:auto_generated|_~22             ; |experiment31|lpm_mux:Mux2|mux_cqc:auto_generated|_~22             ; out0             ;
; |experiment31|lpm_mux:Mux2|mux_cqc:auto_generated|_~23             ; |experiment31|lpm_mux:Mux2|mux_cqc:auto_generated|_~23             ; out0             ;
; |experiment31|lpm_mux:Mux2|mux_cqc:auto_generated|_~25             ; |experiment31|lpm_mux:Mux2|mux_cqc:auto_generated|_~25             ; out0             ;
; |experiment31|lpm_mux:Mux2|mux_cqc:auto_generated|_~28             ; |experiment31|lpm_mux:Mux2|mux_cqc:auto_generated|_~28             ; out0             ;
; |experiment31|lpm_mux:Mux2|mux_cqc:auto_generated|_~31             ; |experiment31|lpm_mux:Mux2|mux_cqc:auto_generated|_~31             ; out0             ;
; |experiment31|lpm_mux:Mux2|mux_cqc:auto_generated|_~32             ; |experiment31|lpm_mux:Mux2|mux_cqc:auto_generated|_~32             ; out0             ;
; |experiment31|lpm_mux:Mux2|mux_cqc:auto_generated|_~34             ; |experiment31|lpm_mux:Mux2|mux_cqc:auto_generated|_~34             ; out0             ;
; |experiment31|lpm_mux:Mux2|mux_cqc:auto_generated|_~37             ; |experiment31|lpm_mux:Mux2|mux_cqc:auto_generated|_~37             ; out0             ;
; |experiment31|lpm_mux:Mux2|mux_cqc:auto_generated|_~39             ; |experiment31|lpm_mux:Mux2|mux_cqc:auto_generated|_~39             ; out0             ;
; |experiment31|lpm_mux:Mux2|mux_cqc:auto_generated|_~40             ; |experiment31|lpm_mux:Mux2|mux_cqc:auto_generated|_~40             ; out0             ;
; |experiment31|lpm_mux:Mux1|mux_cqc:auto_generated|_~0              ; |experiment31|lpm_mux:Mux1|mux_cqc:auto_generated|_~0              ; out0             ;
; |experiment31|lpm_mux:Mux1|mux_cqc:auto_generated|_~1              ; |experiment31|lpm_mux:Mux1|mux_cqc:auto_generated|_~1              ; out0             ;
; |experiment31|lpm_mux:Mux1|mux_cqc:auto_generated|_~3              ; |experiment31|lpm_mux:Mux1|mux_cqc:auto_generated|_~3              ; out0             ;
; |experiment31|lpm_mux:Mux1|mux_cqc:auto_generated|_~6              ; |experiment31|lpm_mux:Mux1|mux_cqc:auto_generated|_~6              ; out0             ;
; |experiment31|lpm_mux:Mux1|mux_cqc:auto_generated|_~9              ; |experiment31|lpm_mux:Mux1|mux_cqc:auto_generated|_~9              ; out0             ;
; |experiment31|lpm_mux:Mux1|mux_cqc:auto_generated|_~10             ; |experiment31|lpm_mux:Mux1|mux_cqc:auto_generated|_~10             ; out0             ;
; |experiment31|lpm_mux:Mux1|mux_cqc:auto_generated|_~12             ; |experiment31|lpm_mux:Mux1|mux_cqc:auto_generated|_~12             ; out0             ;
; |experiment31|lpm_mux:Mux1|mux_cqc:auto_generated|_~15             ; |experiment31|lpm_mux:Mux1|mux_cqc:auto_generated|_~15             ; out0             ;
; |experiment31|lpm_mux:Mux1|mux_cqc:auto_generated|_~17             ; |experiment31|lpm_mux:Mux1|mux_cqc:auto_generated|_~17             ; out0             ;
; |experiment31|lpm_mux:Mux1|mux_cqc:auto_generated|_~18             ; |experiment31|lpm_mux:Mux1|mux_cqc:auto_generated|_~18             ; out0             ;
; |experiment31|lpm_mux:Mux1|mux_cqc:auto_generated|result_node[0]~0 ; |experiment31|lpm_mux:Mux1|mux_cqc:auto_generated|result_node[0]~0 ; out0             ;
; |experiment31|lpm_mux:Mux1|mux_cqc:auto_generated|_~21             ; |experiment31|lpm_mux:Mux1|mux_cqc:auto_generated|_~21             ; out0             ;
; |experiment31|lpm_mux:Mux1|mux_cqc:auto_generated|_~22             ; |experiment31|lpm_mux:Mux1|mux_cqc:auto_generated|_~22             ; out0             ;
; |experiment31|lpm_mux:Mux1|mux_cqc:auto_generated|_~23             ; |experiment31|lpm_mux:Mux1|mux_cqc:auto_generated|_~23             ; out0             ;
; |experiment31|lpm_mux:Mux1|mux_cqc:auto_generated|_~25             ; |experiment31|lpm_mux:Mux1|mux_cqc:auto_generated|_~25             ; out0             ;
; |experiment31|lpm_mux:Mux1|mux_cqc:auto_generated|_~28             ; |experiment31|lpm_mux:Mux1|mux_cqc:auto_generated|_~28             ; out0             ;
; |experiment31|lpm_mux:Mux1|mux_cqc:auto_generated|_~31             ; |experiment31|lpm_mux:Mux1|mux_cqc:auto_generated|_~31             ; out0             ;
; |experiment31|lpm_mux:Mux1|mux_cqc:auto_generated|_~32             ; |experiment31|lpm_mux:Mux1|mux_cqc:auto_generated|_~32             ; out0             ;
; |experiment31|lpm_mux:Mux1|mux_cqc:auto_generated|_~34             ; |experiment31|lpm_mux:Mux1|mux_cqc:auto_generated|_~34             ; out0             ;
; |experiment31|lpm_mux:Mux1|mux_cqc:auto_generated|_~37             ; |experiment31|lpm_mux:Mux1|mux_cqc:auto_generated|_~37             ; out0             ;
; |experiment31|lpm_mux:Mux1|mux_cqc:auto_generated|_~39             ; |experiment31|lpm_mux:Mux1|mux_cqc:auto_generated|_~39             ; out0             ;
; |experiment31|lpm_mux:Mux1|mux_cqc:auto_generated|_~40             ; |experiment31|lpm_mux:Mux1|mux_cqc:auto_generated|_~40             ; out0             ;
; |experiment31|lpm_mux:Mux0|mux_cqc:auto_generated|_~0              ; |experiment31|lpm_mux:Mux0|mux_cqc:auto_generated|_~0              ; out0             ;
; |experiment31|lpm_mux:Mux0|mux_cqc:auto_generated|_~1              ; |experiment31|lpm_mux:Mux0|mux_cqc:auto_generated|_~1              ; out0             ;
; |experiment31|lpm_mux:Mux0|mux_cqc:auto_generated|_~3              ; |experiment31|lpm_mux:Mux0|mux_cqc:auto_generated|_~3              ; out0             ;
; |experiment31|lpm_mux:Mux0|mux_cqc:auto_generated|_~6              ; |experiment31|lpm_mux:Mux0|mux_cqc:auto_generated|_~6              ; out0             ;
; |experiment31|lpm_mux:Mux0|mux_cqc:auto_generated|_~9              ; |experiment31|lpm_mux:Mux0|mux_cqc:auto_generated|_~9              ; out0             ;
; |experiment31|lpm_mux:Mux0|mux_cqc:auto_generated|_~10             ; |experiment31|lpm_mux:Mux0|mux_cqc:auto_generated|_~10             ; out0             ;
; |experiment31|lpm_mux:Mux0|mux_cqc:auto_generated|_~12             ; |experiment31|lpm_mux:Mux0|mux_cqc:auto_generated|_~12             ; out0             ;
; |experiment31|lpm_mux:Mux0|mux_cqc:auto_generated|_~15             ; |experiment31|lpm_mux:Mux0|mux_cqc:auto_generated|_~15             ; out0             ;
; |experiment31|lpm_mux:Mux0|mux_cqc:auto_generated|_~17             ; |experiment31|lpm_mux:Mux0|mux_cqc:auto_generated|_~17             ; out0             ;
; |experiment31|lpm_mux:Mux0|mux_cqc:auto_generated|_~18             ; |experiment31|lpm_mux:Mux0|mux_cqc:auto_generated|_~18             ; out0             ;
; |experiment31|lpm_mux:Mux0|mux_cqc:auto_generated|result_node[0]~0 ; |experiment31|lpm_mux:Mux0|mux_cqc:auto_generated|result_node[0]~0 ; out0             ;
; |experiment31|lpm_mux:Mux0|mux_cqc:auto_generated|_~21             ; |experiment31|lpm_mux:Mux0|mux_cqc:auto_generated|_~21             ; out0             ;
; |experiment31|lpm_mux:Mux0|mux_cqc:auto_generated|_~22             ; |experiment31|lpm_mux:Mux0|mux_cqc:auto_generated|_~22             ; out0             ;
; |experiment31|lpm_mux:Mux0|mux_cqc:auto_generated|_~23             ; |experiment31|lpm_mux:Mux0|mux_cqc:auto_generated|_~23             ; out0             ;
; |experiment31|lpm_mux:Mux0|mux_cqc:auto_generated|_~25             ; |experiment31|lpm_mux:Mux0|mux_cqc:auto_generated|_~25             ; out0             ;
; |experiment31|lpm_mux:Mux0|mux_cqc:auto_generated|_~28             ; |experiment31|lpm_mux:Mux0|mux_cqc:auto_generated|_~28             ; out0             ;
; |experiment31|lpm_mux:Mux0|mux_cqc:auto_generated|_~31             ; |experiment31|lpm_mux:Mux0|mux_cqc:auto_generated|_~31             ; out0             ;
; |experiment31|lpm_mux:Mux0|mux_cqc:auto_generated|_~32             ; |experiment31|lpm_mux:Mux0|mux_cqc:auto_generated|_~32             ; out0             ;
; |experiment31|lpm_mux:Mux0|mux_cqc:auto_generated|_~34             ; |experiment31|lpm_mux:Mux0|mux_cqc:auto_generated|_~34             ; out0             ;
; |experiment31|lpm_mux:Mux0|mux_cqc:auto_generated|_~37             ; |experiment31|lpm_mux:Mux0|mux_cqc:auto_generated|_~37             ; out0             ;
; |experiment31|lpm_mux:Mux0|mux_cqc:auto_generated|_~39             ; |experiment31|lpm_mux:Mux0|mux_cqc:auto_generated|_~39             ; out0             ;
; |experiment31|lpm_mux:Mux0|mux_cqc:auto_generated|_~40             ; |experiment31|lpm_mux:Mux0|mux_cqc:auto_generated|_~40             ; out0             ;
+--------------------------------------------------------------------+--------------------------------------------------------------------+------------------+


+---------------------+
; Simulator INI Usage ;
+--------+------------+
; Option ; Usage      ;
+--------+------------+


+--------------------+
; Simulator Messages ;
+--------------------+
Info: *******************************************************************
Info: Running Quartus II 64-Bit Simulator
    Info: Version 13.0.1 Build 232 06/12/2013 Service Pack 1 SJ Full Version
    Info: Processing started: Thu Dec 05 21:34:41 2019
Info: Command: quartus_sim --simulation_results_format=VWF e11 -c e11
Info (324025): Using vector source file "D:/quartus II/e11/Waveform3.vwf"
Info (310003): Option to preserve fewer signal transitions to reduce memory requirements is enabled
    Info (310004): Simulation has been partitioned into sub-simulations according to the maximum transition count determined by the engine. Transitions from memory will be flushed out to disk at the end of each sub-simulation to reduce memory requirements.
Info (310002): Simulation partitioned into 1 sub-simulations
Info (328053): Simulation coverage is      65.28 %
Info (328052): Number of transitions in simulation is 698
Info (324045): Vector file e11.sim.vwf is saved in VWF text format. You can compress it into CVWF format in order to reduce file size. For more details please refer to the Quartus II Help.
Info: Quartus II 64-Bit Simulator was successful. 0 errors, 0 warnings
    Info: Peak virtual memory: 4458 megabytes
    Info: Processing ended: Thu Dec 05 21:34:41 2019
    Info: Elapsed time: 00:00:00
    Info: Total CPU time (on all processors): 00:00:00


