Analysis & Synthesis report for final
Fri Dec 20 11:58:07 2019
Quartus II 64-Bit Version 13.0.1 Build 232 06/12/2013 Service Pack 1 SJ Full Version


---------------------
; Table of Contents ;
---------------------
  1. Legal Notice
  2. Analysis & Synthesis Summary
  3. Analysis & Synthesis Settings
  4. Parallel Compilation
  5. Analysis & Synthesis Source Files Read
  6. Analysis & Synthesis Resource Usage Summary
  7. Analysis & Synthesis Resource Utilization by Entity
  8. User-Specified and Inferred Latches
  9. General Register Statistics
 10. Multiplexer Restructuring Statistics (Restructuring Performed)
 11. Parameter Settings for User Entity Instance: controlltst:inst|control:inst
 12. Elapsed Time Per Partition
 13. Analysis & Synthesis Messages
 14. Analysis & Synthesis Suppressed Messages



----------------
; Legal Notice ;
----------------
Copyright (C) 1991-2013 Altera Corporation
Your use of Altera Corporation's design tools, logic functions 
and other software and tools, and its AMPP partner logic 
functions, and any output files from any of the foregoing 
(including device programming or simulation files), and any 
associated documentation or information are expressly subject 
to the terms and conditions of the Altera Program License 
Subscription Agreement, Altera MegaCore Function License 
Agreement, or other applicable license agreement, including, 
without limitation, that your use is for the sole purpose of 
programming logic devices manufactured by Altera and sold by 
Altera or its authorized distributors.  Please refer to the 
applicable agreement for further details.



+---------------------------------------------------------------------------------------+
; Analysis & Synthesis Summary                                                          ;
+------------------------------------+--------------------------------------------------+
; Analysis & Synthesis Status        ; Successful - Fri Dec 20 11:58:07 2019            ;
; Quartus II 64-Bit Version          ; 13.0.1 Build 232 06/12/2013 SP 1 SJ Full Version ;
; Revision Name                      ; final                                            ;
; Top-level Entity Name              ; t2                                               ;
; Family                             ; Cyclone III                                      ;
; Total logic elements               ; 141                                              ;
;     Total combinational functions  ; 141                                              ;
;     Dedicated logic registers      ; 40                                               ;
; Total registers                    ; 40                                               ;
; Total pins                         ; 37                                               ;
; Total virtual pins                 ; 0                                                ;
; Total memory bits                  ; 0                                                ;
; Embedded Multiplier 9-bit elements ; 0                                                ;
; Total PLLs                         ; 0                                                ;
+------------------------------------+--------------------------------------------------+


+----------------------------------------------------------------------------------------------------------------------+
; Analysis & Synthesis Settings                                                                                        ;
+----------------------------------------------------------------------------+--------------------+--------------------+
; Option                                                                     ; Setting            ; Default Value      ;
+----------------------------------------------------------------------------+--------------------+--------------------+
; Device                                                                     ; EP3C55F484C8       ;                    ;
; Top-level entity name                                                      ; t2                 ; final              ;
; Family name                                                                ; Cyclone III        ; Cyclone IV GX      ;
; Use smart compilation                                                      ; Off                ; Off                ;
; Enable parallel Assembler and TimeQuest Timing Analyzer during compilation ; On                 ; On                 ;
; Enable compact report table                                                ; Off                ; Off                ;
; Restructure Multiplexers                                                   ; Auto               ; Auto               ;
; Create Debugging Nodes for IP Cores                                        ; Off                ; Off                ;
; Preserve fewer node names                                                  ; On                 ; On                 ;
; Disable OpenCore Plus hardware evaluation                                  ; Off                ; Off                ;
; Verilog Version                                                            ; Verilog_2001       ; Verilog_2001       ;
; VHDL Version                                                               ; VHDL_1993          ; VHDL_1993          ;
; State Machine Processing                                                   ; Auto               ; Auto               ;
; Safe State Machine                                                         ; Off                ; Off                ;
; Extract Verilog State Machines                                             ; On                 ; On                 ;
; Extract VHDL State Machines                                                ; On                 ; On                 ;
; Ignore Verilog initial constructs                                          ; Off                ; Off                ;
; Iteration limit for constant Verilog loops                                 ; 5000               ; 5000               ;
; Iteration limit for non-constant Verilog loops                             ; 250                ; 250                ;
; Add Pass-Through Logic to Inferred RAMs                                    ; On                 ; On                 ;
; Infer RAMs from Raw Logic                                                  ; On                 ; On                 ;
; Parallel Synthesis                                                         ; On                 ; On                 ;
; DSP Block Balancing                                                        ; Auto               ; Auto               ;
; NOT Gate Push-Back                                                         ; On                 ; On                 ;
; Power-Up Don't Care                                                        ; On                 ; On                 ;
; Remove Redundant Logic Cells                                               ; Off                ; Off                ;
; Remove Duplicate Registers                                                 ; On                 ; On                 ;
; Ignore CARRY Buffers                                                       ; Off                ; Off                ;
; Ignore CASCADE Buffers                                                     ; Off                ; Off                ;
; Ignore GLOBAL Buffers                                                      ; Off                ; Off                ;
; Ignore ROW GLOBAL Buffers                                                  ; Off                ; Off                ;
; Ignore LCELL Buffers                                                       ; Off                ; Off                ;
; Ignore SOFT Buffers                                                        ; On                 ; On                 ;
; Limit AHDL Integers to 32 Bits                                             ; Off                ; Off                ;
; Optimization Technique                                                     ; Balanced           ; Balanced           ;
; Carry Chain Length                                                         ; 70                 ; 70                 ;
; Auto Carry Chains                                                          ; On                 ; On                 ;
; Auto Open-Drain Pins                                                       ; On                 ; On                 ;
; Perform WYSIWYG Primitive Resynthesis                                      ; Off                ; Off                ;
; Auto ROM Replacement                                                       ; On                 ; On                 ;
; Auto RAM Replacement                                                       ; On                 ; On                 ;
; Auto DSP Block Replacement                                                 ; On                 ; On                 ;
; Auto Shift Register Replacement                                            ; Auto               ; Auto               ;
; Allow Shift Register Merging across Hierarchies                            ; Auto               ; Auto               ;
; Auto Clock Enable Replacement                                              ; On                 ; On                 ;
; Strict RAM Replacement                                                     ; Off                ; Off                ;
; Allow Synchronous Control Signals                                          ; On                 ; On                 ;
; Force Use of Synchronous Clear Signals                                     ; Off                ; Off                ;
; Auto RAM Block Balancing                                                   ; On                 ; On                 ;
; Auto RAM to Logic Cell Conversion                                          ; Off                ; Off                ;
; Auto Resource Sharing                                                      ; Off                ; Off                ;
; Allow Any RAM Size For Recognition                                         ; Off                ; Off                ;
; Allow Any ROM Size For Recognition                                         ; Off                ; Off                ;
; Allow Any Shift Register Size For Recognition                              ; Off                ; Off                ;
; Use LogicLock Constraints during Resource Balancing                        ; On                 ; On                 ;
; Ignore translate_off and synthesis_off directives                          ; Off                ; Off                ;
; Timing-Driven Synthesis                                                    ; On                 ; On                 ;
; Report Parameter Settings                                                  ; On                 ; On                 ;
; Report Source Assignments                                                  ; On                 ; On                 ;
; Report Connectivity Checks                                                 ; On                 ; On                 ;
; Ignore Maximum Fan-Out Assignments                                         ; Off                ; Off                ;
; Synchronization Register Chain Length                                      ; 2                  ; 2                  ;
; PowerPlay Power Optimization                                               ; Normal compilation ; Normal compilation ;
; HDL message level                                                          ; Level2             ; Level2             ;
; Suppress Register Optimization Related Messages                            ; Off                ; Off                ;
; Number of Removed Registers Reported in Synthesis Report                   ; 5000               ; 5000               ;
; Number of Swept Nodes Reported in Synthesis Report                         ; 5000               ; 5000               ;
; Number of Inverted Registers Reported in Synthesis Report                  ; 100                ; 100                ;
; Clock MUX Protection                                                       ; On                 ; On                 ;
; Auto Gated Clock Conversion                                                ; Off                ; Off                ;
; Block Design Naming                                                        ; Auto               ; Auto               ;
; SDC constraint protection                                                  ; Off                ; Off                ;
; Synthesis Effort                                                           ; Auto               ; Auto               ;
; Shift Register Replacement - Allow Asynchronous Clear Signal               ; On                 ; On                 ;
; Pre-Mapping Resynthesis Optimization                                       ; Off                ; Off                ;
; Analysis & Synthesis Message Level                                         ; Medium             ; Medium             ;
; Disable Register Merging Across Hierarchies                                ; Auto               ; Auto               ;
; Resource Aware Inference For Block RAM                                     ; On                 ; On                 ;
; Synthesis Seed                                                             ; 1                  ; 1                  ;
+----------------------------------------------------------------------------+--------------------+--------------------+


+------------------------------------------+
; Parallel Compilation                     ;
+----------------------------+-------------+
; Processors                 ; Number      ;
+----------------------------+-------------+
; Number detected on machine ; 12          ;
; Maximum allowed            ; 6           ;
;                            ;             ;
; Average used               ; 1.00        ;
; Maximum used               ; 2           ;
;                            ;             ;
; Usage by Processor         ; % Time Used ;
;     Processor 1            ; 100.0%      ;
;     Processor 2            ; < 0.1%      ;
;     Processors 3-12        ;   0.0%      ;
+----------------------------+-------------+


+----------------------------------------------------------------------------------------------------------------------------------+
; Analysis & Synthesis Source Files Read                                                                                           ;
+----------------------------------+-----------------+------------------------------------+------------------------------+---------+
; File Name with User-Entered Path ; Used in Netlist ; File Type                          ; File Name with Absolute Path ; Library ;
+----------------------------------+-----------------+------------------------------------+------------------------------+---------+
; destination.v                    ; yes             ; User Verilog HDL File              ; G:/final/destination.v       ;         ;
; call.v                           ; yes             ; User Verilog HDL File              ; G:/final/call.v              ;         ;
; floor.v                          ; yes             ; User Verilog HDL File              ; G:/final/floor.v             ;         ;
; stop_run.v                       ; yes             ; User Verilog HDL File              ; G:/final/stop_run.v          ;         ;
; up_down.v                        ; yes             ; User Verilog HDL File              ; G:/final/up_down.v           ;         ;
; counter.v                        ; yes             ; User Verilog HDL File              ; G:/final/counter.v           ;         ;
; condition.v                      ; yes             ; User Verilog HDL File              ; G:/final/condition.v         ;         ;
; control.v                        ; yes             ; User Verilog HDL File              ; G:/final/control.v           ;         ;
; controlltst.bdf                  ; yes             ; User Block Diagram/Schematic File  ; G:/final/controlltst.bdf     ;         ;
; data_deal.bdf                    ; yes             ; User Block Diagram/Schematic File  ; G:/final/data_deal.bdf       ;         ;
; request.bdf                      ; yes             ; User Block Diagram/Schematic File  ; G:/final/request.bdf         ;         ;
; t2.bdf                           ; yes             ; User Block Diagram/Schematic File  ; G:/final/t2.bdf              ;         ;
+----------------------------------+-----------------+------------------------------------+------------------------------+---------+


+---------------------------------------------------------+
; Analysis & Synthesis Resource Usage Summary             ;
+---------------------------------------------+-----------+
; Resource                                    ; Usage     ;
+---------------------------------------------+-----------+
; Estimated Total logic elements              ; 141       ;
;                                             ;           ;
; Total combinational functions               ; 141       ;
; Logic element usage by number of LUT inputs ;           ;
;     -- 4 input functions                    ; 79        ;
;     -- 3 input functions                    ; 19        ;
;     -- <=2 input functions                  ; 43        ;
;                                             ;           ;
; Logic elements by mode                      ;           ;
;     -- normal mode                          ; 110       ;
;     -- arithmetic mode                      ; 31        ;
;                                             ;           ;
; Total registers                             ; 40        ;
;     -- Dedicated logic registers            ; 40        ;
;     -- I/O registers                        ; 0         ;
;                                             ;           ;
; I/O pins                                    ; 37        ;
; Embedded Multiplier 9-bit elements          ; 0         ;
; Maximum fan-out node                        ; clk~input ;
; Maximum fan-out                             ; 38        ;
; Total fan-out                               ; 698       ;
; Average fan-out                             ; 2.74      ;
+---------------------------------------------+-----------+


+--------------------------------------------------------------------------------------------------------------------------------------------------------------------------------------------+
; Analysis & Synthesis Resource Utilization by Entity                                                                                                                                        ;
+----------------------------+-------------------+--------------+-------------+--------------+---------+-----------+------+--------------+------------------------------------+--------------+
; Compilation Hierarchy Node ; LC Combinationals ; LC Registers ; Memory Bits ; DSP Elements ; DSP 9x9 ; DSP 18x18 ; Pins ; Virtual Pins ; Full Hierarchy Name                ; Library Name ;
+----------------------------+-------------------+--------------+-------------+--------------+---------+-----------+------+--------------+------------------------------------+--------------+
; |t2                        ; 141 (1)           ; 40 (0)       ; 0           ; 0            ; 0       ; 0         ; 37   ; 0            ; |t2                                ; work         ;
;    |condition:inst3|       ; 18 (18)           ; 1 (1)        ; 0           ; 0            ; 0       ; 0         ; 0    ; 0            ; |t2|condition:inst3                ; work         ;
;    |controlltst:inst|      ; 83 (0)            ; 37 (0)       ; 0           ; 0            ; 0       ; 0         ; 0    ; 0            ; |t2|controlltst:inst               ; work         ;
;       |control:inst|       ; 39 (39)           ; 4 (4)        ; 0           ; 0            ; 0       ; 0         ; 0    ; 0            ; |t2|controlltst:inst|control:inst  ; work         ;
;       |counter:inst1|      ; 44 (44)           ; 33 (33)      ; 0           ; 0            ; 0       ; 0         ; 0    ; 0            ; |t2|controlltst:inst|counter:inst1 ; work         ;
;    |data_deal:inst1|       ; 9 (0)             ; 2 (0)        ; 0           ; 0            ; 0       ; 0         ; 0    ; 0            ; |t2|data_deal:inst1                ; work         ;
;       |floor:inst5|        ; 7 (7)             ; 2 (2)        ; 0           ; 0            ; 0       ; 0         ; 0    ; 0            ; |t2|data_deal:inst1|floor:inst5    ; work         ;
;       |stop_run:inst|      ; 1 (1)             ; 0 (0)        ; 0           ; 0            ; 0       ; 0         ; 0    ; 0            ; |t2|data_deal:inst1|stop_run:inst  ; work         ;
;       |up_down:inst1|      ; 1 (1)             ; 0 (0)        ; 0           ; 0            ; 0       ; 0         ; 0    ; 0            ; |t2|data_deal:inst1|up_down:inst1  ; work         ;
;    |request:inst2|         ; 30 (0)            ; 0 (0)        ; 0           ; 0            ; 0       ; 0         ; 0    ; 0            ; |t2|request:inst2                  ; work         ;
;       |call:inst1|         ; 18 (18)           ; 0 (0)        ; 0           ; 0            ; 0       ; 0         ; 0    ; 0            ; |t2|request:inst2|call:inst1       ; work         ;
;       |destination:inst|   ; 12 (12)           ; 0 (0)        ; 0           ; 0            ; 0       ; 0         ; 0    ; 0            ; |t2|request:inst2|destination:inst ; work         ;
+----------------------------+-------------------+--------------+-------------+--------------+---------+-----------+------+--------------+------------------------------------+--------------+
Note: For table entries with two numbers listed, the numbers in parentheses indicate the number of resources of the given type used by the specific entity alone. The numbers listed outside of parentheses indicate the total resources of the given type used by the specific entity and all of its sub-entities in the hierarchy.


+---------------------------------------------------------------------------------------------------------------------------+
; User-Specified and Inferred Latches                                                                                       ;
+-----------------------------------------------------+--------------------------------------------+------------------------+
; Latch Name                                          ; Latch Enable Signal                        ; Free of Timing Hazards ;
+-----------------------------------------------------+--------------------------------------------+------------------------+
; controlltst:inst|control:inst|inc_Floor             ; controlltst:inst|control:inst|WideOr11     ; yes                    ;
; controlltst:inst|control:inst|red_Floor             ; controlltst:inst|control:inst|WideOr9      ; yes                    ;
; controlltst:inst|control:inst|ce                    ; controlltst:inst|control:inst|WideOr1      ; yes                    ;
; controlltst:inst|control:inst|up_d                  ; controlltst:inst|control:inst|WideOr3      ; yes                    ;
; controlltst:inst|control:inst|stop_r                ; controlltst:inst|control:inst|WideOr4      ; yes                    ;
; controlltst:inst|control:inst|rst                   ; controlltst:inst|control:inst|Decoder0     ; yes                    ;
; request:inst2|call:inst1|get_call[5]                ; request:inst2|call:inst1|get_call[5]       ; yes                    ;
; request:inst2|call:inst1|get_call[4]                ; request:inst2|call:inst1|get_call[4]       ; yes                    ;
; request:inst2|call:inst1|get_call[3]                ; request:inst2|call:inst1|get_call[3]       ; yes                    ;
; request:inst2|call:inst1|get_call[2]                ; request:inst2|call:inst1|get_call[2]       ; yes                    ;
; request:inst2|call:inst1|get_call[1]                ; request:inst2|call:inst1|get_call[1]       ; yes                    ;
; request:inst2|call:inst1|get_call[0]                ; request:inst2|call:inst1|get_call[0]       ; yes                    ;
; request:inst2|destination:inst|get_dest[3]          ; request:inst2|destination:inst|get_dest[3] ; yes                    ;
; request:inst2|destination:inst|get_dest[2]          ; request:inst2|destination:inst|get_dest[2] ; yes                    ;
; request:inst2|destination:inst|get_dest[1]          ; request:inst2|destination:inst|get_dest[1] ; yes                    ;
; request:inst2|destination:inst|get_dest[0]          ; request:inst2|destination:inst|get_dest[0] ; yes                    ;
; controlltst:inst|control:inst|sel_Con[0]            ; controlltst:inst|control:inst|Mux6         ; yes                    ;
; controlltst:inst|control:inst|sel_Con[1]            ; controlltst:inst|control:inst|Mux6         ; yes                    ;
; data_deal:inst1|floor:inst5|inc                     ; controlltst:inst|control:inst|rst          ; yes                    ;
; data_deal:inst1|floor:inst5|red                     ; controlltst:inst|control:inst|rst          ; yes                    ;
; controlltst:inst|control:inst|ce_Count              ; controlltst:inst|control:inst|WideOr6      ; yes                    ;
; Number of user-specified and inferred latches = 21  ;                                            ;                        ;
+-----------------------------------------------------+--------------------------------------------+------------------------+
Note: All latches listed above may not be present at the end of synthesis due to various synthesis optimizations.


+------------------------------------------------------+
; General Register Statistics                          ;
+----------------------------------------------+-------+
; Statistic                                    ; Value ;
+----------------------------------------------+-------+
; Total registers                              ; 40    ;
; Number of registers using Synchronous Clear  ; 0     ;
; Number of registers using Synchronous Load   ; 32    ;
; Number of registers using Asynchronous Clear ; 6     ;
; Number of registers using Asynchronous Load  ; 0     ;
; Number of registers using Clock Enable       ; 34    ;
; Number of registers using Preset             ; 0     ;
+----------------------------------------------+-------+


+------------------------------------------------------------------------------------------------------------------------------------------------------------+
; Multiplexer Restructuring Statistics (Restructuring Performed)                                                                                             ;
+--------------------+-----------+---------------+----------------------+------------------------+------------+----------------------------------------------+
; Multiplexer Inputs ; Bus Width ; Baseline Area ; Area if Restructured ; Saving if Restructured ; Registered ; Example Multiplexer Output                   ;
+--------------------+-----------+---------------+----------------------+------------------------+------------+----------------------------------------------+
; 3:1                ; 2 bits    ; 4 LEs         ; 0 LEs                ; 4 LEs                  ; Yes        ; |t2|data_deal:inst1|floor:inst5|cur_Floor[1] ;
; 3:1                ; 32 bits   ; 64 LEs        ; 32 LEs               ; 32 LEs                 ; Yes        ; |t2|controlltst:inst|counter:inst1|count[14] ;
+--------------------+-----------+---------------+----------------------+------------------------+------------+----------------------------------------------+


+----------------------------------------------------------------------------+
; Parameter Settings for User Entity Instance: controlltst:inst|control:inst ;
+----------------+-------+---------------------------------------------------+
; Parameter Name ; Value ; Type                                              ;
+----------------+-------+---------------------------------------------------+
; S0             ; 0000  ; Unsigned Binary                                   ;
; S1             ; 0001  ; Unsigned Binary                                   ;
; S2             ; 0010  ; Unsigned Binary                                   ;
; S3             ; 0011  ; Unsigned Binary                                   ;
; S4             ; 0100  ; Unsigned Binary                                   ;
; S5             ; 0101  ; Unsigned Binary                                   ;
; S6             ; 0110  ; Unsigned Binary                                   ;
; S7             ; 0111  ; Unsigned Binary                                   ;
; S8             ; 1000  ; Unsigned Binary                                   ;
; S9             ; 1001  ; Unsigned Binary                                   ;
; S10            ; 1010  ; Unsigned Binary                                   ;
; S11            ; 1011  ; Unsigned Binary                                   ;
; S12            ; 1100  ; Unsigned Binary                                   ;
; S13            ; 1101  ; Unsigned Binary                                   ;
; S14            ; 1110  ; Unsigned Binary                                   ;
; S15            ; 1111  ; Unsigned Binary                                   ;
+----------------+-------+---------------------------------------------------+
Note: In order to hide this table in the UI and the text report file, please set the "Show Parameter Settings in Synthesis Report" option in "Analysis and Synthesis Settings -> More Settings" to "Off".


+-------------------------------+
; Elapsed Time Per Partition    ;
+----------------+--------------+
; Partition Name ; Elapsed Time ;
+----------------+--------------+
; Top            ; 00:00:00     ;
+----------------+--------------+


+-------------------------------+
; Analysis & Synthesis Messages ;
+-------------------------------+
Info: *******************************************************************
Info: Running Quartus II 64-Bit Analysis & Synthesis
    Info: Version 13.0.1 Build 232 06/12/2013 Service Pack 1 SJ Full Version
    Info: Processing started: Fri Dec 20 11:58:05 2019
Info: Command: quartus_map --read_settings_files=on --write_settings_files=off final -c final
Info (11104): Parallel Compilation has detected 12 hyper-threaded processors. However, the extra hyper-threaded processors will not be used by default. Parallel Compilation will use 6 of the 6 physical processors detected instead.
Info (12021): Found 1 design units, including 1 entities, in source file destination.v
    Info (12023): Found entity 1: destination
Info (12021): Found 1 design units, including 1 entities, in source file call.v
    Info (12023): Found entity 1: call
Info (12021): Found 1 design units, including 1 entities, in source file floor.v
    Info (12023): Found entity 1: floor
Info (12021): Found 1 design units, including 1 entities, in source file stop_run.v
    Info (12023): Found entity 1: stop_run
Info (12021): Found 1 design units, including 1 entities, in source file up_down.v
    Info (12023): Found entity 1: up_down
Info (12021): Found 1 design units, including 1 entities, in source file counter.v
    Info (12023): Found entity 1: counter
Info (12021): Found 1 design units, including 1 entities, in source file condition.v
    Info (12023): Found entity 1: condition
Info (12021): Found 1 design units, including 1 entities, in source file control.v
    Info (12023): Found entity 1: control
Info (12021): Found 1 design units, including 1 entities, in source file top.bdf
    Info (12023): Found entity 1: top
Info (12021): Found 1 design units, including 1 entities, in source file controlltst.bdf
    Info (12023): Found entity 1: controlltst
Info (12021): Found 1 design units, including 1 entities, in source file data_deal.bdf
    Info (12023): Found entity 1: data_deal
Info (12021): Found 1 design units, including 1 entities, in source file request.bdf
    Info (12023): Found entity 1: request
Info (12021): Found 1 design units, including 1 entities, in source file t2.bdf
    Info (12023): Found entity 1: t2
Info (12127): Elaborating entity "t2" for the top level hierarchy
Info (12128): Elaborating entity "controlltst" for hierarchy "controlltst:inst"
Info (12128): Elaborating entity "control" for hierarchy "controlltst:inst|control:inst"
Warning (10270): Verilog HDL Case Statement warning at control.v(76): incomplete case statement has no default case item
Warning (10240): Verilog HDL Always Construct warning at control.v(74): inferring latch(es) for variable "rst", which holds its previous value in one or more paths through the always construct
Warning (10240): Verilog HDL Always Construct warning at control.v(74): inferring latch(es) for variable "ce", which holds its previous value in one or more paths through the always construct
Warning (10240): Verilog HDL Always Construct warning at control.v(74): inferring latch(es) for variable "stop_r", which holds its previous value in one or more paths through the always construct
Warning (10240): Verilog HDL Always Construct warning at control.v(74): inferring latch(es) for variable "ce_Count", which holds its previous value in one or more paths through the always construct
Warning (10240): Verilog HDL Always Construct warning at control.v(74): inferring latch(es) for variable "sel_Con", which holds its previous value in one or more paths through the always construct
Warning (10240): Verilog HDL Always Construct warning at control.v(74): inferring latch(es) for variable "red_Floor", which holds its previous value in one or more paths through the always construct
Warning (10240): Verilog HDL Always Construct warning at control.v(74): inferring latch(es) for variable "up_d", which holds its previous value in one or more paths through the always construct
Warning (10240): Verilog HDL Always Construct warning at control.v(74): inferring latch(es) for variable "inc_Floor", which holds its previous value in one or more paths through the always construct
Info (10041): Inferred latch for "inc_Floor" at control.v(74)
Info (10041): Inferred latch for "up_d" at control.v(74)
Info (10041): Inferred latch for "red_Floor" at control.v(74)
Info (10041): Inferred latch for "sel_Con[0]" at control.v(74)
Info (10041): Inferred latch for "sel_Con[1]" at control.v(74)
Info (10041): Inferred latch for "ce_Count" at control.v(74)
Info (10041): Inferred latch for "stop_r" at control.v(74)
Info (10041): Inferred latch for "ce" at control.v(74)
Info (10041): Inferred latch for "rst" at control.v(74)
Info (12128): Elaborating entity "counter" for hierarchy "controlltst:inst|counter:inst1"
Info (12128): Elaborating entity "condition" for hierarchy "condition:inst3"
Info (12128): Elaborating entity "data_deal" for hierarchy "data_deal:inst1"
Warning (275011): Block or symbol "floor" of instance "inst5" overlaps another block or symbol
Info (12128): Elaborating entity "stop_run" for hierarchy "data_deal:inst1|stop_run:inst"
Info (12128): Elaborating entity "up_down" for hierarchy "data_deal:inst1|up_down:inst1"
Info (12128): Elaborating entity "floor" for hierarchy "data_deal:inst1|floor:inst5"
Warning (10240): Verilog HDL Always Construct warning at floor.v(31): inferring latch(es) for variable "inc", which holds its previous value in one or more paths through the always construct
Warning (10240): Verilog HDL Always Construct warning at floor.v(31): inferring latch(es) for variable "red", which holds its previous value in one or more paths through the always construct
Warning (10230): Verilog HDL assignment warning at floor.v(67): truncated value with size 32 to match size of target (2)
Warning (10230): Verilog HDL assignment warning at floor.v(71): truncated value with size 32 to match size of target (2)
Info (10041): Inferred latch for "red" at floor.v(31)
Info (10041): Inferred latch for "inc" at floor.v(31)
Info (12128): Elaborating entity "request" for hierarchy "request:inst2"
Info (12128): Elaborating entity "call" for hierarchy "request:inst2|call:inst1"
Warning (10240): Verilog HDL Always Construct warning at call.v(7): inferring latch(es) for variable "get_call", which holds its previous value in one or more paths through the always construct
Warning (10240): Verilog HDL Always Construct warning at call.v(24): inferring latch(es) for variable "get_call", which holds its previous value in one or more paths through the always construct
Warning (10240): Verilog HDL Always Construct warning at call.v(41): inferring latch(es) for variable "get_call", which holds its previous value in one or more paths through the always construct
Warning (10240): Verilog HDL Always Construct warning at call.v(58): inferring latch(es) for variable "get_call", which holds its previous value in one or more paths through the always construct
Warning (10240): Verilog HDL Always Construct warning at call.v(75): inferring latch(es) for variable "get_call", which holds its previous value in one or more paths through the always construct
Warning (10240): Verilog HDL Always Construct warning at call.v(92): inferring latch(es) for variable "get_call", which holds its previous value in one or more paths through the always construct
Info (10041): Inferred latch for "get_call[5]" at call.v(96)
Info (10041): Inferred latch for "get_call[4]" at call.v(79)
Info (10041): Inferred latch for "get_call[3]" at call.v(62)
Info (10041): Inferred latch for "get_call[2]" at call.v(45)
Info (10041): Inferred latch for "get_call[1]" at call.v(28)
Info (10041): Inferred latch for "get_call[0]" at call.v(11)
Info (12128): Elaborating entity "destination" for hierarchy "request:inst2|destination:inst"
Warning (10240): Verilog HDL Always Construct warning at destination.v(7): inferring latch(es) for variable "get_dest", which holds its previous value in one or more paths through the always construct
Warning (10240): Verilog HDL Always Construct warning at destination.v(27): inferring latch(es) for variable "get_dest", which holds its previous value in one or more paths through the always construct
Warning (10240): Verilog HDL Always Construct warning at destination.v(44): inferring latch(es) for variable "get_dest", which holds its previous value in one or more paths through the always construct
Warning (10240): Verilog HDL Always Construct warning at destination.v(61): inferring latch(es) for variable "get_dest", which holds its previous value in one or more paths through the always construct
Info (10041): Inferred latch for "get_dest[3]" at destination.v(65)
Info (10041): Inferred latch for "get_dest[2]" at destination.v(48)
Info (10041): Inferred latch for "get_dest[1]" at destination.v(31)
Info (10041): Inferred latch for "get_dest[0]" at destination.v(13)
Warning (13012): Latch controlltst:inst|control:inst|inc_Floor has unsafe behavior
    Warning (13013): Ports D and ENA on the latch are fed by the same signal controlltst:inst|control:inst|state[3]
Warning (13012): Latch controlltst:inst|control:inst|red_Floor has unsafe behavior
    Warning (13013): Ports D and ENA on the latch are fed by the same signal controlltst:inst|control:inst|state[3]
Warning (13012): Latch controlltst:inst|control:inst|ce has unsafe behavior
    Warning (13013): Ports D and ENA on the latch are fed by the same signal controlltst:inst|control:inst|state[0]
Warning (13012): Latch controlltst:inst|control:inst|up_d has unsafe behavior
    Warning (13013): Ports D and ENA on the latch are fed by the same signal controlltst:inst|control:inst|state[0]
Warning (13012): Latch controlltst:inst|control:inst|stop_r has unsafe behavior
    Warning (13013): Ports D and ENA on the latch are fed by the same signal controlltst:inst|control:inst|state[0]
Warning (13012): Latch controlltst:inst|control:inst|rst has unsafe behavior
    Warning (13013): Ports D and ENA on the latch are fed by the same signal controlltst:inst|control:inst|state[3]
Warning (13012): Latch request:inst2|call:inst1|get_call[5] has unsafe behavior
    Warning (13013): Ports D and ENA on the latch are fed by the same signal set_call[5]
Warning (13012): Latch request:inst2|call:inst1|get_call[4] has unsafe behavior
    Warning (13013): Ports D and ENA on the latch are fed by the same signal set_call[4]
Warning (13012): Latch request:inst2|call:inst1|get_call[3] has unsafe behavior
    Warning (13013): Ports D and ENA on the latch are fed by the same signal set_call[3]
Warning (13012): Latch request:inst2|call:inst1|get_call[2] has unsafe behavior
    Warning (13013): Ports D and ENA on the latch are fed by the same signal set_call[2]
Warning (13012): Latch request:inst2|call:inst1|get_call[1] has unsafe behavior
    Warning (13013): Ports D and ENA on the latch are fed by the same signal set_call[1]
Warning (13012): Latch request:inst2|call:inst1|get_call[0] has unsafe behavior
    Warning (13013): Ports D and ENA on the latch are fed by the same signal set_call[0]
Warning (13012): Latch request:inst2|destination:inst|get_dest[3] has unsafe behavior
    Warning (13013): Ports D and ENA on the latch are fed by the same signal set_dest[3]
Warning (13012): Latch request:inst2|destination:inst|get_dest[2] has unsafe behavior
    Warning (13013): Ports D and ENA on the latch are fed by the same signal set_dest[2]
Warning (13012): Latch request:inst2|destination:inst|get_dest[1] has unsafe behavior
    Warning (13013): Ports D and ENA on the latch are fed by the same signal set_dest[1]
Warning (13012): Latch request:inst2|destination:inst|get_dest[0] has unsafe behavior
    Warning (13013): Ports D and ENA on the latch are fed by the same signal set_dest[0]
Warning (13012): Latch controlltst:inst|control:inst|sel_Con[0] has unsafe behavior
    Warning (13013): Ports D and ENA on the latch are fed by the same signal controlltst:inst|control:inst|state[2]
Warning (13012): Latch controlltst:inst|control:inst|sel_Con[1] has unsafe behavior
    Warning (13013): Ports D and ENA on the latch are fed by the same signal controlltst:inst|control:inst|state[2]
Warning (13012): Latch controlltst:inst|control:inst|ce_Count has unsafe behavior
    Warning (13013): Ports D and ENA on the latch are fed by the same signal controlltst:inst|control:inst|state[0]
Info (286030): Timing-Driven Synthesis is running
Info (144001): Generated suppressed messages file G:/final/output_files/final.map.smsg
Info (16010): Generating hard_block partition "hard_block:auto_generated_inst"
    Info (16011): Adding 0 node(s), including 0 DDIO, 0 PLL, 0 transceiver and 0 LCELL
Info (21057): Implemented 178 device resources after synthesis - the final resource count might be different
    Info (21058): Implemented 12 input pins
    Info (21059): Implemented 25 output pins
    Info (21061): Implemented 141 logic cells
Info: Quartus II 64-Bit Analysis & Synthesis was successful. 0 errors, 62 warnings
    Info: Peak virtual memory: 4621 megabytes
    Info: Processing ended: Fri Dec 20 11:58:07 2019
    Info: Elapsed time: 00:00:02
    Info: Total CPU time (on all processors): 00:00:01


+------------------------------------------+
; Analysis & Synthesis Suppressed Messages ;
+------------------------------------------+
The suppressed messages can be found in G:/final/output_files/final.map.smsg.


