Microsoft (R) Macro Assembler Version 6.11		    03/18/20 10:11:10
tempfile.asm						     Page 1 - 1


 0000				DATAS SEGMENT
 0000 49 6E 70 75 74 20		    MSG DB 'Input score:$'
       73 63 6F 72 65 3A
       24
 000D 54 68 65 20 47 72		    MSGSUC DB 'The Grade is:$'
       61 64 65 20 69 73
       3A 24
 001B 49 6E 76 61 6C 69		    MSGERR DB 'Invalid Input!',0ah,'$'
       64 20 49 6E 70 75
       74 21 0A 24
 002B 04 00			    BUF DB 4,?,4 DUP(?)
       0004 [
        00
       ]
 0031				DATAS ENDS
 0000				STACK1 SEGMENT PARA STACK
 0000  0020 [			    DW 20H DUP(0)
        0000
       ]
 0040				STACK1 ENDS
 0000				CODES SEGMENT
				    ASSUME CS:CODES,DS:DATAS
 0000				START:
 0000  B8 ---- R			MOV AX , DATAS
 0003  8E D8				MOV DS , AX
 0005  8D 16 0000 R			LEA  DX, MSG
 0009  B4 09			    MOV  AH, 9H
 000B  CD 21			   	INT  21H
 000D  8D 16 002B R		   	LEA  DX, BUF
 0011  B4 0A			    MOV  AH, 0AH
 0013  CD 21			   	INT  21H 	
 0015  80 3E 002F R 0D		   	CMP BYTE PTR[BUF+4],0DH
 001A  74 54			   	JE COMPARE
 001C  80 3E 002E R 0D		   	CMP BYTE PTR[BUF+3],0DH
 0021  75 03 E9 00BF		   	JE COMPARE2
 0026  80 3E 002D R 65		   	CMP BYTE PTR[BUF+2],'e'
 002B  75 0E			   	JNE STACMP
 002D  80 3E 002E R 6E		   	CMP BYTE PTR[BUF+3],'n'
 0032  75 07			   	JNE STACMP
 0034  80 3E 002F R 64		   	CMP BYTE PTR[BUF+4],'d'
 0039  74 31			   	JE EXIT
 003B				STACMP:
 003B  80 3E 002D R 30			CMP BYTE PTR[BUF+2],'0'
 0040  75 03 E9 00BD			JE COMPARE0
 0045  80 3E 002D R 31		   	CMP BYTE PTR[BUF+2],'1'
 004A  74 03 E9 015D			JNE ERR
 004F  80 3E 002E R 30			CMP BYTE PTR[BUF+3],'0'
 0054  74 03 E9 0153			JNE ERR
 0059  80 3E 002F R 30			CMP BYTE PTR[BUF+4],'0'
 005E  74 03 E9 0149			JNE ERR
 0063  B2 0A				MOV  DL, 0AH
 0065  B4 02			   	MOV   AH,2
 0067  CD 21				INT   21H
 0069  E9 00E4				JMP A  	
 006C				EXIT:
 006C  B4 4C			   	MOV   AH,4CH
 006E  CD 21				INT   21H   	
				   	  	
 0070				COMPARE:
 0070  B2 0A			   	MOV  DL, 0AH
 0072  B4 02			   	MOV   AH,2
 0074  CD 21				INT   21H
 0076  80 3E 002D R 30		   	CMP BYTE PTR[BUF+2],'0'
 007B  73 03 E9 012C		  	JB ERR
 0080  80 3E 002E R 30		   	CMP BYTE PTR[BUF+3],'0'
 0085  73 03 E9 0122		   	JB ERR
 008A  80 3E 002D R 39		   	CMP BYTE PTR[BUF+2],'9'
 008F  7E 03 E9 0118		   	JG ERR
 0094  80 3E 002E R 39		   	CMP BYTE PTR[BUF+3],'9'
 0099  7E 03 E9 010E		   	JG ERR
 009E  80 3E 002D R 39		   	CMP BYTE PTR[BUF+2],'9'
 00A3  7C 03 E9 00A8		   	JGE A
 00A8  80 3E 002D R 38		   	CMP BYTE PTR[BUF+2],'8'
 00AD  7D 1B			   	JGE COMPARE85
 00AF  80 3E 002D R 37		   	CMP BYTE PTR[BUF+2],'7'
 00B4  7D 20			   	JGE COMPARE75
 00B6  80 3E 002D R 36		   	CMP BYTE PTR[BUF+2],'6'
 00BB  7C 03 E9 00BE		   	JGE CR
 00C0  80 3E 002D R 35		   	CMP BYTE PTR[BUF+2],'5'
 00C5  77 03 E9 00CB		   	JBE D
 00CA				COMPARE85:
 00CA  80 3E 002E R 35			CMP BYTE PTR[BUF+3],'5'
 00CF  7D 7F				JGE A
 00D1  73 03 E9 0091			JB B   	
 00D6				COMPARE75:
 00D6  80 3E 002E R 35			CMP BYTE PTR[BUF+3],'5'
 00DB  7C 03 E9 0087			JGE B
 00E0  73 03 E9 0099			JB CR 
					
 00E5				COMPARE2:
 00E5  80 3E 002D R 30			CMP BYTE PTR[BUF+2],'0'
 00EA  73 03 E9 00BD		  	JB ERR
 00EF  80 3E 002D R 39		   	CMP BYTE PTR[BUF+2],'9'
 00F4  7E 03 E9 00B3		   	JG ERR
 00F9  B2 0A			   	MOV  DL, 0AH
 00FB  B4 02			   	MOV   AH,2
 00FD  CD 21				INT   21H
 00FF  E9 0093			   	JMP D
				   	
 0102				COMPARE0:
 0102  B2 0A			   	MOV  DL, 0AH
 0104  B4 02			   	MOV   AH,2
 0106  CD 21				INT   21H
 0108  80 3E 002E R 30		   	CMP BYTE PTR[BUF+3],'0'
 010D  73 03 E9 009A		  	JB ERR
 0112  80 3E 002F R 30		   	CMP BYTE PTR[BUF+4],'0'
 0117  73 03 E9 0090		   	JB ERR
 011C  80 3E 002E R 39		   	CMP BYTE PTR[BUF+3],'9'
 0121  7E 03 E9 0086		   	JG ERR
 0126  80 3E 002F R 39		   	CMP BYTE PTR[BUF+4],'9'
 012B  7F 7F			   	JG ERR
 012D  80 3E 002E R 39		   	CMP BYTE PTR[BUF+3],'9'
 0132  7D 1C			   	JGE A
 0134  80 3E 002E R 38		   	CMP BYTE PTR[BUF+3],'8'
 0139  7D 8F			   	JGE COMPARE85
 013B  80 3E 002E R 37		   	CMP BYTE PTR[BUF+3],'7'
 0140  7D 94			   	JGE COMPARE75
 0142  80 3E 002E R 36		   	CMP BYTE PTR[BUF+3],'6'
 0147  7D 35			   	JGE CR
 0149  80 3E 002E R 35		   	CMP BYTE PTR[BUF+3],'5'
 014E  76 45			   	JBE D
					
 0150				A:
 0150  8D 16 000D R			LEA  DX, MSGSUC
 0154  B4 09			    MOV  AH, 9
 0156  CD 21			   	INT  21H
 0158  B2 41			   	MOV  DL, 'A'
 015A  B4 02			   	MOV   AH,2
 015C  CD 21			   	INT  21H
 015E  B2 0A			   	MOV  DL, 0AH
 0160  B4 02			   	MOV   AH,2
 0162  CD 21				INT   21H
 0164  E9 FE99				JMP START  

 0167				B:
 0167  8D 16 000D R			LEA  DX, MSGSUC
 016B  B4 09			    MOV  AH, 9
 016D  CD 21			   	INT  21H
 016F  B2 42			   	MOV  DL, 'B'
 0171  B4 02			   	MOV   AH,2
 0173  CD 21			   	INT  21H
					
 0175  B2 0A			   	MOV  DL, 0AH
 0177  B4 02			   	MOV   AH,2
 0179  CD 21				INT   21H
 017B  E9 FE82				JMP START 
 017E				CR:
 017E  8D 16 000D R			LEA  DX, MSGSUC
 0182  B4 09			    MOV  AH, 9
 0184  CD 21			   	INT  21H
 0186  B2 43			   	MOV  DL, 'C'
 0188  B4 02			   	MOV   AH,2
 018A  CD 21			   	INT  21H
 018C  B2 0A			   	MOV  DL, 0AH
 018E  B4 02			   	MOV   AH,2
 0190  CD 21				INT   21H
 0192  E9 FE6B				JMP START  
 0195				D:
 0195  8D 16 000D R			LEA  DX, MSGSUC
 0199  B4 09			    MOV  AH, 9
 019B  CD 21			   	INT  21H
 019D  B2 44			   	MOV  DL, 'D'
 019F  B4 02			   	MOV   AH,2	
 01A1  CD 21			   	INT  21H
 01A3  B2 0A			   	MOV  DL, 0AH
 01A5  B4 02			   	MOV   AH,2
 01A7  CD 21				INT   21H
 01A9  E9 FE54				JMP START  
					
 01AC				ERR:   	
 01AC  B2 0A				MOV  DL, 0AH
 01AE  B4 02			   	MOV   AH,2
 01B0  CD 21				INT   21H
 01B2  8D 16 001B R			LEA  DX, MSGERR
 01B6  B4 09			    MOV  AH, 9
 01B8  CD 21			   	INT  21H
 01BA  E9 FE43				JMP START  	
 01BD				CODES ENDS
				    END START







Microsoft (R) Macro Assembler Version 6.11		    03/18/20 10:11:10
tempfile.asm						     Symbols 2 - 1




Segments and Groups:

                N a m e                 Size     Length   Align   Combine Class

CODES  . . . . . . . . . . . . .	16 Bit	 01BD	  Para	  Private 
DATAS  . . . . . . . . . . . . .	16 Bit	 0031	  Para	  Private 
STACK1 . . . . . . . . . . . . .	16 Bit	 0040	  Para	  Stack	  


Symbols:

                N a m e                 Type     Value    Attr

A  . . . . . . . . . . . . . . .	L Near	 0150	  CODES	
BUF  . . . . . . . . . . . . . .	Byte	 002B	  DATAS	
B  . . . . . . . . . . . . . . .	L Near	 0167	  CODES	
COMPARE0 . . . . . . . . . . . .	L Near	 0102	  CODES	
COMPARE2 . . . . . . . . . . . .	L Near	 00E5	  CODES	
COMPARE75  . . . . . . . . . . .	L Near	 00D6	  CODES	
COMPARE85  . . . . . . . . . . .	L Near	 00CA	  CODES	
COMPARE  . . . . . . . . . . . .	L Near	 0070	  CODES	
CR . . . . . . . . . . . . . . .	L Near	 017E	  CODES	
D  . . . . . . . . . . . . . . .	L Near	 0195	  CODES	
ERR  . . . . . . . . . . . . . .	L Near	 01AC	  CODES	
EXIT . . . . . . . . . . . . . .	L Near	 006C	  CODES	
MSGERR . . . . . . . . . . . . .	Byte	 001B	  DATAS	
MSGSUC . . . . . . . . . . . . .	Byte	 000D	  DATAS	
MSG  . . . . . . . . . . . . . .	Byte	 0000	  DATAS	
STACMP . . . . . . . . . . . . .	L Near	 003B	  CODES	
START  . . . . . . . . . . . . .	L Near	 0000	  CODES	

	   0 Warnings
	   0 Errors
