Microsoft (R) Macro Assembler Version 6.11		    03/22/20 19:44:08
tempfile.asm						     Page 1 - 1


 0000				DATAS SEGMENT
 0000 49 6E 70 75 74 20		    MSGIN1 DB 'Input first number:$'
       66 69 72 73 74 20
       6E 75 6D 62 65 72
       3A 24
 0014 49 6E 70 75 74 20		    MSGIN2 DB 'Input second number:$'
       73 65 63 6F 6E 64
       20 6E 75 6D 62 65
       72 3A 24
 0029 54 68 65 20 63 6F		    MSGOUT1 DB 'The common factor is:',0ah,'$'
       6D 6D 6F 6E 20 66
       61 63 74 6F 72 20
       69 73 3A 0A 24
 0040 54 68 65 20 70 65		    MSGOUT2 DB 'The percentage is:',0ah,'$'
       72 63 65 6E 74 61
       67 65 20 69 73 3A
       0A 24
 0054 0A 49 6E 76 61 6C		    MSGERR DB 0AH,'Invalid Input!',0ah,'$'
       69 64 20 49 6E 70
       75 74 21 0A 24
 0065 0000			    NUM1 DW 0
 0067 0000			    NUM2 DW 0
 0069 0000 0000 0024		    INTPART DW 0,0,'$'
 006F 0000 0000 0024		    FLOATPART DW 0,0,'$'
 0075 00			    COUNT DB 0
 0076				DATAS ENDS

 0000				STACK1 SEGMENT PARA STACK
 0000  0020 [			    DW 20H DUP(0)
        0000
       ]
 0040				STACK1 ENDS

 0000				CODES SEGMENT
				    ASSUME CS:CODES,DS:DATAS
 0000				START:
 0000  B8 ---- R			MOV AX,DATAS
 0003  8E D8			    MOV DS,AX
 0005  EB 0A				JMP BEG2
 0007				ERR1: 
 0007  8D 16 0054 R			LEA DX,MSGERR
 000B  B4 09			    MOV AH,09H
 000D  CD 21			    INT 21H
 000F  EB EF			    JMP START
 0011				BEG2:
 0011  E8 008E			    CALL READ
 0014  83 3E 0065 R 00		    CMP NUM1,0
 0019  74 EC			    JE ERR1
 001B  83 3E 0067 R 00		    CMP NUM2,0
 0020  74 E5			    JE ERR1
 0022  E8 0007			    CALL COMNUM
 0025  E8 0109			    CALL PERCENTAGE
 0028  B4 4C			    MOV AH,4CH
 002A  CD 21			    INT 21H


 002C				COMNUM PROC NEAR
 002C  8D 16 0029 R			LEA DX,MSGOUT1
 0030  B4 09			    MOV AH,09H
 0032  CD 21			    INT 21H
 0034				BEG:
 0034  FE 06 0075 R			INC COUNT
 0038  80 3E 0075 R 64			CMP COUNT,100
 003D  74 5B				JE EXIT
 003F  A1 0065 R			MOV AX,NUM1
 0042  F6 36 0075 R			DIV COUNT
 0046  80 FC 00				CMP AH,0
 0049  75 E9				JNE BEG
 004B  A1 0067 R			MOV AX,NUM2
 004E  F6 36 0075 R			DIV COUNT
 0052  80 FC 00				CMP AH,0
 0055  75 DD				JNE BEG
 0057  80 3E 0075 R 0A			CMP COUNT,10
 005C  77 15				JA BIG
 005E  8A 1E 0075 R			MOV BL,COUNT
 0062  80 C3 30				ADD BL,30H
 0065  8A D3				MOV DL,BL
 0067  B4 02			    MOV AH,02H
 0069  CD 21			    INT 21H
 006B  B2 20			    MOV DL,20H
 006D  B4 02			    MOV AH,02H
 006F  CD 21			    INT 21H
 0071  EB C1			    JMP BEG
 0073				BIG:
 0073  33 C0				XOR AX,AX
 0075  A0 0075 R			MOV AL,COUNT
 0078  B5 0A				MOV CH,10
 007A  F6 F5				DIV CH
 007C  8A D8				MOV BL,AL
 007E  80 C3 30				ADD BL,30H
 0081  8A D3				MOV DL,BL
 0083  8A DC				MOV BL,AH
 0085  B4 02			    MOV AH,02H
 0087  CD 21			    INT 21H
 0089  80 C3 30				ADD BL,30H
 008C  8A D3				MOV DL,BL
 008E  B4 02			    MOV AH,02H
 0090  CD 21			    INT 21H
 0092  B2 20			    MOV DL,20H
 0094  B4 02			    MOV AH,02H
 0096  CD 21			    INT 21H
 0098  EB 9A			    JMP BEG
 009A				EXIT:
 009A  B2 0A			    MOV DL,0AH
 009C  B4 02			    MOV AH,02H
 009E  CD 21			    INT 21H
 00A0  90				NOP
 00A1  C3				RET
 00A2				COMNUM ENDP

 00A2				READ PROC NEAR
 00A2  8D 16 0000 R		    LEA DX,MSGIN1
 00A6  B4 09			    MOV AH,09H
 00A8  CD 21			    INT 21H
 00AA  E8 0024			    CALL READ1
 00AD  8B D8			    MOV BX,AX
 00AF  89 1E 0065 R		    MOV NUM1,BX
				;ENTER1:
				    ;MOV AH,08H
				    ;INT 21H
				    ;CMP AL,0DH
				    ;JNE ENTER1
 00B3  B2 0A			    MOV DL,0AH
 00B5  B4 02			    MOV AH,02H
 00B7  CD 21			    INT 21H
 00B9  8D 16 0014 R		    LEA DX,MSGIN2
 00BD  B4 09			    MOV AH,09H
 00BF  CD 21			    INT 21H
 00C1  E8 000D			    CALL READ1
 00C4  8B D8			    MOV BX,AX
 00C6  89 1E 0067 R		    MOV NUM2,BX
				;ENTER2:
				    ;MOV AH,08H
				    ;INT 21H
				    ;CMP AL,0DH
				    ;JNE ENTER2
 00CA  B2 0A			    MOV DL,0AH
 00CC  B4 02			    MOV AH,02H
 00CE  CD 21			    INT 21H
 00D0  C3			    RET
 00D1				READ ENDP

 00D1				READ1 PROC NEAR

 00D1  EB 0B				JMP BEG1
 00D3				ERR: 
 00D3  8D 16 0054 R			LEA DX,MSGERR
 00D7  B4 09			    MOV AH,09H
 00D9  CD 21			    INT 21H
 00DB  E9 FF22			    JMP START
 00DE				BEG1:
 00DE  B4 01			    MOV AH,01H
 00E0  CD 21			    INT 21H
 00E2  3C 30			    CMP AL,'0'
 00E4  72 ED			    JB ERR
 00E6  3C 39			    CMP AL,'9'
 00E8  77 E9			    JA ERR
 00EA  8A F0			    MOV DH,AL
 00EC  80 EE 30			    SUB DH,30H
 00EF  B4 01			    MOV AH,01H
 00F1  CD 21			    INT 21H
 00F3  3C 0D			    CMP AL,0DH
 00F5  74 16			    JZ DONE
 00F7  3C 30			    CMP AL,'0'
 00F9  72 D8			    JB ERR
 00FB  3C 39			    CMP AL,'9'
 00FD  77 D4			    JA ERR
 00FF  2C 30			    SUB AL,30H
 0101  D0 E6			    SHL DH,1
 0103  8A D6			    MOV DL,DH
 0105  D0 E6			    SHL DH,1
 0107  D0 E6			    SHL DH,1
 0109  02 F2			    ADD DH,DL
 010B  02 F0			    ADD DH,AL
 010D				DONE:
 010D  8A CE			    MOV CL,DH
 010F  8A C1			    MOV AL,CL
 0111  32 E4			    XOR AH,AH
 0113  C3				RET
 0114				READ1 ENDP
				    
 0114				OUTPUT PROC NEAR
 0114  BB 000A			    MOV BX,10
 0117  B9 0000			    MOV CX,0
 011A				NEXT:
 011A  BA 0000			    MOV DX,0
 011D  F7 F3			    DIV BX
 011F  80 C2 30			    ADD DL,'0'
 0122  52			    PUSH DX
 0123  41			    INC CX
 0124  83 F8 00			    CMP AX,0
 0127  75 F1			    JNZ NEXT
 0129  B4 02			    MOV AH,2
 012B				LP1:
 012B  5A			    POP DX
 012C  CD 21			    INT 21H
 012E  E2 FB			    LOOP LP1
 0130  C3			    RET
 0131				OUTPUT ENDP

 0131				PERCENTAGE PROC NEAR
 0131  8D 16 0040 R			LEA DX,MSGOUT2
 0135  B4 09			    MOV AH,09H
 0137  CD 21			    INT 21H
 0139  A0 0065 R		    MOV AL,BYTE PTR NUM1
 013C  8A 1E 0067 R		    MOV BL,BYTE PTR NUM2
 0140  02 D8			    ADD BL,AL
 0142  B1 64			    MOV CL,100
 0144  F6 E1			    MUL CL
 0146  F6 F3			    DIV BL
 0148  8A F4			    MOV DH,AH
 014A  32 E4			    XOR AH,AH
 014C  A3 0069 R		    MOV INTPART[0],AX
 014F  8A C6			    MOV AL,DH
 0151  F6 E1			    MUL CL
 0153  F6 F3			    DIV BL
 0155  32 E4			    XOR AH,AH
 0157  A3 006F R		    MOV FLOATPART[0],AX
 015A  A0 0067 R		    MOV AL,BYTE PTR NUM2
 015D  F6 E1			    MUL CL
 015F  F6 F3			    DIV BL
 0161  8A F4			    MOV DH,AH
 0163  32 E4			    XOR AH,AH
 0165  A3 006B R		    MOV INTPART[2],AX
 0168  8A C6			    MOV AL,DH
 016A  F6 E1			    MUL CL
 016C  F6 F3			    DIV BL
 016E  32 E4			    XOR AH,AH
 0170  A3 0071 R		    MOV FLOATPART[2],AX 
				    
 0173  A1 0069 R		    MOV AX,INTPART[0]
 0176  E8 FF9B			    CALL OUTPUT
 0179  B2 2E			    MOV DL,'.'
 017B  B4 02			    MOV AH,02H
 017D  CD 21			    INT 21H
 017F  A1 006F R		    MOV AX,FLOATPART[0]
 0182  E8 FF8F			    CALL OUTPUT
 0185  B2 25			    MOV DL,'%'
 0187  B4 02			    MOV AH,02H
 0189  CD 21			    INT 21H
 018B  B2 0A			    MOV DL,0AH
 018D  B4 02			    MOV AH,02H
 018F  CD 21			    INT 21H
 0191  A1 006B R		    MOV AX,INTPART[2]
 0194  E8 FF7D			    CALL OUTPUT
 0197  B2 2E			    MOV DL,'.'
 0199  B4 02			    MOV AH,02H
 019B  CD 21			    INT 21H
 019D  A1 0071 R		    MOV AX,FLOATPART[2]
 01A0  E8 FF71			    CALL OUTPUT
 01A3  B2 25			    MOV DL,'%'
 01A5  B4 02			    MOV AH,02H
 01A7  CD 21			    INT 21H
 01A9  C3			    RET    
 01AA				PERCENTAGE ENDP

 01AA				CODES ENDS
				    END START







Microsoft (R) Macro Assembler Version 6.11		    03/22/20 19:44:08
tempfile.asm						     Symbols 2 - 1




Segments and Groups:

                N a m e                 Size     Length   Align   Combine Class

CODES  . . . . . . . . . . . . .	16 Bit	 01AA	  Para	  Private 
DATAS  . . . . . . . . . . . . .	16 Bit	 0076	  Para	  Private 
STACK1 . . . . . . . . . . . . .	16 Bit	 0040	  Para	  Stack	  


Procedures,  parameters and locals:

                N a m e                 Type     Value    Attr

COMNUM . . . . . . . . . . . . .	P Near	 002C	  CODES	Length= 0076 Public
  BEG  . . . . . . . . . . . . .	L Near	 0034	  CODES	
  BIG  . . . . . . . . . . . . .	L Near	 0073	  CODES	
  EXIT . . . . . . . . . . . . .	L Near	 009A	  CODES	
OUTPUT . . . . . . . . . . . . .	P Near	 0114	  CODES	Length= 001D Public
  NEXT . . . . . . . . . . . . .	L Near	 011A	  CODES	
  LP1  . . . . . . . . . . . . .	L Near	 012B	  CODES	
PERCENTAGE . . . . . . . . . . .	P Near	 0131	  CODES	Length= 0079 Public
READ1  . . . . . . . . . . . . .	P Near	 00D1	  CODES	Length= 0043 Public
  ERR  . . . . . . . . . . . . .	L Near	 00D3	  CODES	
  BEG1 . . . . . . . . . . . . .	L Near	 00DE	  CODES	
  DONE . . . . . . . . . . . . .	L Near	 010D	  CODES	
READ . . . . . . . . . . . . . .	P Near	 00A2	  CODES	Length= 002F Public


Symbols:

                N a m e                 Type     Value    Attr

BEG2 . . . . . . . . . . . . . .	L Near	 0011	  CODES	
COUNT  . . . . . . . . . . . . .	Byte	 0075	  DATAS	
ERR1 . . . . . . . . . . . . . .	L Near	 0007	  CODES	
FLOATPART  . . . . . . . . . . .	Word	 006F	  DATAS	
INTPART  . . . . . . . . . . . .	Word	 0069	  DATAS	
MSGERR . . . . . . . . . . . . .	Byte	 0054	  DATAS	
MSGIN1 . . . . . . . . . . . . .	Byte	 0000	  DATAS	
MSGIN2 . . . . . . . . . . . . .	Byte	 0014	  DATAS	
MSGOUT1  . . . . . . . . . . . .	Byte	 0029	  DATAS	
MSGOUT2  . . . . . . . . . . . .	Byte	 0040	  DATAS	
NUM1 . . . . . . . . . . . . . .	Word	 0065	  DATAS	
NUM2 . . . . . . . . . . . . . .	Word	 0067	  DATAS	
START  . . . . . . . . . . . . .	L Near	 0000	  CODES	

	   0 Warnings
	   0 Errors
